
<%
/*----------------------------------------------------*/
/*                  Page Config                       */
reger.pageFramework.PageProps pageProps = new reger.pageFramework.PageProps();
pageProps.siteSection=pageProps.MOBILEPRIVATE;
pageProps.isPasswordProtected = false;
pageProps.aclObjectName = "MOBILE";
pageProps.trafficType=reger.Vars.TRAFFICTYPEPUBLICHOMEPAGE;
pageProps.pathToAppRoot="../";
/*----------------------------------------------------*/
%>

<%@ include file="../globalheader.jsp" %>

<%
/*----------------------------------------------------*/
/*                  Main Body                         */
        StringBuffer mb = new StringBuffer();
/*----------------------------------------------------*/

// set content type for wireless data
response.setContentType("text/vnd.wap.wml");

// write the data
mb.append("<?xml version=\"1.0\"?>");
mb.append("<!DOCTYPE wml PUBLIC \"-//WAPFORUM//DTD WML 1.1//EN\"");
mb.append(" \"http://www.wapforum.org/DTD/wml_1.1.xml\">");
mb.append("<wml>");
mb.append("<card title=\"Logoff\">");

//@todo Provide a way for users to logoff via their device?  Problem is, they'll logoff each time and have to login each time which is ugly.

mb.append("<p>");
mb.append("You are logged-in with this WAP device until you logoff via your web /myhome/ site.  Go to your traffic section, view a list of WAP devices and deactivate the one that you want to.");
mb.append("</p>");


mb.append("</card>");
mb.append("</wml>");

%>

<%
/*----------------------------------------------------*/
/*                  Side Column                       */
        StringBuffer sc = new StringBuffer();
/*----------------------------------------------------*/
%>

<%@ include file="../globalfooter.jsp" %>

