

<%@ include file="setup-header.jsp" %>

<font face=arial size=+3 color=#cccccc>Welcome to Your datablogging Server!</font>
<br><br>
<font face=arial size=+2 color=#cccccc>In the next few screens we'll make sure that your server is ready to function properly.</font>
<br><br>

<font face=arial size=+2 color=#666666>Is the MySql database set up and configured?</font>
<br><br>




<table width=100% cellpadding=10 cellspacing=1 border=0>
<tr>

<td width=33% valign=top>
<%out.print(reger.ui.ShadowBox.start("../"));%>
<font face=arial size=-1 color=#cccccc><a href='setup-01.log'><b>Yes</b>, the MySql database is setup and configured.  Let's get started.</a></font>
<%out.print(reger.ui.ShadowBox.end("../"));%>
</td>

<td width=33% valign=top>
<%out.print(reger.ui.ShadowBox.start("../"));%>
<font face=arial size=-1 color=#cccccc><a href='setup-01-instructions.log'><b>No</b>, the MySql database is not yet setup.  What do I need to do?</a></font>
<%out.print(reger.ui.ShadowBox.end("../"));%>
</td>

<td width=33% valign=top>
<%out.print(reger.ui.ShadowBox.start("../"));%>
<font face=arial size=-1 color=#cccccc><a href='setup-01-upload.log'>I have a database config file from a previous installation.</a></font>
<%out.print(reger.ui.ShadowBox.end("../"));%>
</td>

</tr>
</table>

<%@ include file="setup-footer.jsp" %>
