<%
/*----------------------------------------------------*/
/*                  Page Config                       */
reger.pageFramework.PageProps pageProps = new reger.pageFramework.PageProps();
pageProps.siteSection=pageProps.MARKETINGSITE;
pageProps.title = "Education";
pageProps.isPasswordProtected = false;
pageProps.trafficType=reger.Vars.TRAFFICTYPEMARKETINGSITEMISC;
pageProps.pathToAppRoot="../";
pageProps.marketingSiteSection = pageProps.MARKETINGSITESECTIONBIZ;
/*----------------------------------------------------*/
%>

<%@ include file="../globalheader.jsp" %>





<%
/*----------------------------------------------------*/
/*                  Main Body                         */
        StringBuffer mb = new StringBuffer();
/*----------------------------------------------------*/

%>
<%@ include file="biz-header.jsp" %>
<%

mb.append("<br>");
mb.append("<h1>Why Web Logs Make Sense</h1>");
mb.append("<ul>");
mb.append("<li>Give students a voice");
mb.append("<li>Give faculty a voice");
mb.append("<li>Allow faculty to use blogs in class");
mb.append("<li>Use datablogging capability to create custom programs for students");
mb.append("</ul>");



%>
<%@ include file="biz-footer.jsp" %>
<%


%>

<%
/*----------------------------------------------------*/
/*                  Side Column                       */
        StringBuffer sc = new StringBuffer();
/*----------------------------------------------------*/


sc.append(reger.marketingSite.Biz.leftNav(pageProps.pathToAppRoot));

%>


<%@ include file="../globalfooter.jsp" %>

