<%
/*----------------------------------------------------*/
/*                  Page Config                       */
reger.pageFramework.PageProps pageProps = new reger.pageFramework.PageProps();
pageProps.siteSection=pageProps.MARKETINGSITE;
pageProps.title = "OEM/Industrial Designers";
pageProps.isPasswordProtected = false;
pageProps.trafficType=reger.Vars.TRAFFICTYPEMARKETINGSITEMISC;
pageProps.pathToAppRoot="../";
pageProps.marketingSiteSection = pageProps.MARKETINGSITESECTIONMOREINFO;
/*----------------------------------------------------*/
%>

<%@ include file="../globalheader.jsp" %>





<%
/*----------------------------------------------------*/
/*                  Main Body                         */
        StringBuffer mb = new StringBuffer();
/*----------------------------------------------------*/

%>
<%@ include file="biz-header.jsp" %>
<%

mb.append("What if you could turn a common household scale into an ongoing revenue stream?  By connecting devices to the web with our web logging solution you can do so.  Unlike other web loggins services we have activity-specific logs that can truly leverage that data that your products collect.");

mb.append("<br>");
mb.append("<h1>Why Web Logs Make Sense</h1>");
mb.append("<ul>");
mb.append("<li>By allowing your data to collect data and send it to web logs you create an ongoing revenue stream from an otherwise single-sale product.");
mb.append("<li>Product differentiation. Users are increasingly demanding networked products.");
mb.append("<li>Brand reach.  Your branding is present on all of your users' sites.  Your users invite their friends and families to their sites where your brand is present.  This halo effect creates high brand awareness.");
mb.append("</ul>");

mb.append("<br>");
mb.append("<h1>How It Works</h1>");
mb.append("<ul>");
mb.append("<li>You develop smart products that collect data.  It doesn't matter what product or what data collected.  We can create custom log types to accomodate them.");
mb.append("<li>We work with you to develop the software and hardware that takes data off of the device and sends it to the web.");
mb.append("<li>Data is sent to your users' web sites via defined Data APIs where they can annotate it, organize it and analyze it.");
mb.append("<li>Users pay for upgraded premium services and you share in the ongoing monthly revenue.");
mb.append("</ul>");

mb.append("<br>");
mb.append("<h1>What We Provide</h1>");
mb.append("We provide complete turkey solutions that allow you to focus on your core product business.  You don't likely want to be in the network maintenance, server setup, software development and security management businesses.  We do.  Let's form a partnership.");

mb.append("<br>");
mb.append("<h1>New Product Partnerships/Newcos</h1>");
mb.append("We're open to new product development opportunities.  We will work with you to refine a concept with tight web logging integration, help you raise money and develop the product with you.");

mb.append("<br>");
mb.append("<h1>Industrial Designers</h1>");
mb.append("By adding web logging and its recurring revenue streams to your product pitches you can get more accounts.  We will work with you to develop your product pitches and sales materials.");


mb.append("<br>");
mb.append("<h1>ROI</h1>");
mb.append("<ul>");
mb.append("<li>Increased product sales");
mb.append("<li>User upgrade revenue - Users choose between a free offering and a premium offering with more features.  Reger.com charges a base price for those features.  You can markup above that price and keep the difference.");
mb.append("<li>Traffic and storage revenue - Users pay for what they use.  They pay for traffic and storage.  Reger.com charges a base fee per unit of traffic and storage.  You can markup and keep the difference.  This means that high volume users make you more money.");
mb.append("<li>Free users' sites are paid for by advertising revenue.  While the margins are short on this side of the business, there is some room to share this revenue stream with you.");
mb.append("<li>Special promotions - Once you have a user base using activity-specific web logs you can work with us to develop special promotions that take advantage of this marketing segmentation and share in the revenue.");
mb.append("<li>Brand reach - Your brand will be extended in a user-friendly manner.");
mb.append("<li>Search engine results - The URL of your homepage will be added to the template that appears on all of yoru free users' sites.  This means that search engines will see thousands of inbound links... a criteria that tell them your site has something of value.  This translates into higher search engine listings for you.");
mb.append("</ul>");

mb.append("<br>");
mb.append("<h1>Recommended Products</h1>");
mb.append("<ul>");
mb.append("<li><a href='productsapiservice.log'>Data API Service</a>");
mb.append("<li><a href='productscustomlogtype.log'>Custom Log Type Development</a>");
mb.append("<li><a href='productsenterpriseweblogging.log'>Enterprise Web Logging Service</a>");
mb.append("<li><a href='productsprivatelabel.log'>Private Label</a>");
mb.append("</ul>");


%>
<%@ include file="biz-footer.jsp" %>
<%

%>

<%
/*----------------------------------------------------*/
/*                  Side Column                       */
        StringBuffer sc = new StringBuffer();
/*----------------------------------------------------*/


sc.append(reger.marketingSite.Biz.leftNav(pageProps.pathToAppRoot));

%>


<%@ include file="../globalfooter.jsp" %>

