<%
/*----------------------------------------------------*/
/*                  Page Config                       */
reger.pageFramework.PageProps pageProps = new reger.pageFramework.PageProps();
pageProps.siteSection=pageProps.MARKETINGSITE;
pageProps.title = "Newspaper/Magazine/eZine Publishers";
pageProps.isPasswordProtected = false;
pageProps.trafficType=reger.Vars.TRAFFICTYPEMARKETINGSITEMISC;
pageProps.pathToAppRoot="../";
pageProps.marketingSiteSection = pageProps.MARKETINGSITESECTIONBIZ;
/*----------------------------------------------------*/
%>

<%@ include file="../globalheader.jsp" %>





<%
/*----------------------------------------------------*/
/*                  Main Body                         */
        StringBuffer mb = new StringBuffer();
/*----------------------------------------------------*/

%>
<%@ include file="biz-header.jsp" %>
<%



mb.append("Newspapers and publishers already have most of the ingredients required to take advantage of the web logging revolution.   They have world class content creators.  They have editors.  They have an existing web presence.  They have an existing reader base.");

mb.append("<br>");
mb.append("<h1>Why Web Logs Make Sense</h1>");
mb.append("<ul>");
mb.append("<li>Give VIP authors an online column quickly and easily");
mb.append("<li>Connect with your readership online");
mb.append("<li>Leverage existing content management systems");
mb.append("<li>Create a common framework for multiple authors");
mb.append("<li>Approval/review is built-in");
mb.append("</ul>");

mb.append("<br>");
mb.append("<h1>Integration</h1>");
mb.append("Via our XML and other APIs we can integrate with your existing content management systems so that your web logs are powered within your existing framework.");

mb.append("<br>");
mb.append("<h1>Options</h1>");
mb.append("You can use the web logging technology to publish your own web logs with your own content and/or you can allow your readership to publish their own web logs.  When your readers publish their own content you can develop a new revenue stream.");


mb.append("<br>");
mb.append("<h1>ROI</h1>");
mb.append("<ul>");
mb.append("<li>Brand reach - Your brand will be extended in a user-friendly manner.");
mb.append("</ul>");

mb.append("<br>");
mb.append("<h1>Recommended Products</h1>");
mb.append("<ul>");
mb.append("<li><a href='productsenterpriseweblogging.log'>Enterprise Web Logging Service</a>");
mb.append("<li><a href='productsprivatelabel.log'>Private Label</a>");
mb.append("<li><a href='productsvipweblog.log'>VIP Web Logs</a>");
mb.append("</ul>");


%>
<%@ include file="biz-footer.jsp" %>
<%

%>

<%
/*----------------------------------------------------*/
/*                  Side Column                       */
        StringBuffer sc = new StringBuffer();
/*----------------------------------------------------*/


sc.append(reger.marketingSite.Biz.leftNav(pageProps.pathToAppRoot));

%>


<%@ include file="../globalfooter.jsp" %>

