<%
/*----------------------------------------------------*/
/*                  Page Config                       */
reger.pageFramework.PageProps pageProps = new reger.pageFramework.PageProps();
pageProps.siteSection=pageProps.MARKETINGSITE;
pageProps.title = "Music Industry";
pageProps.isPasswordProtected = false;
pageProps.trafficType=reger.Vars.TRAFFICTYPEMARKETINGSITEMISC;
pageProps.pathToAppRoot="../";
pageProps.marketingSiteSection = pageProps.MARKETINGSITESECTIONBIZ;
/*----------------------------------------------------*/
%>

<%@ include file="../globalheader.jsp" %>





<%
/*----------------------------------------------------*/
/*                  Main Body                         */
        StringBuffer mb = new StringBuffer();
/*----------------------------------------------------*/

%>
<%@ include file="biz-header.jsp" %>
<%


mb.append("The music industry can leverage web logging technology to increase record sales.");

mb.append("<br>");
mb.append("<h1>Why Web Logs Make Sense</h1>");
mb.append("<ul>");
mb.append("<li>Fans are voracious consumers of information.  In fact, it's often difficult for music companies to keep up with that demand.  By putting bands and artists on web logs you streamline your communication channel.");
mb.append("<li>PR department approval.  It's easy to set up artist and band web sites that allow the artists to create content without that content going public until reviewed by somebody in the PR, legal or marketing department.");
mb.append("<li>Online communities are developed around your artist sites");
mb.append("<li>Decrease the per-artist cost for web presences by standardizing the technology but still allowing the same richness and flexibility in how sites look.");
mb.append("</ul>");

mb.append("<br>");
mb.append("<h1>ROI</h1>");
mb.append("<ul>");
mb.append("<li>Lowered cost per-artist for web presence");
mb.append("<li>Brand reach - Your brand will be extended in a user-friendly manner.");
mb.append("</ul>");

mb.append("<br>");
mb.append("<h1>Recommended Products</h1>");
mb.append("<ul>");
mb.append("<li><a href='productsvipweblog.log'>VIP Web Logs</a>");
mb.append("<li><a href='productsenterpriseweblogging.log'>Enterprise Web Logging Service</a>");
mb.append("<li><a href='productsprivatelabel.log'>Private Label</a>");
mb.append("</ul>");



%>
<%@ include file="biz-footer.jsp" %>
<%


%>

<%
/*----------------------------------------------------*/
/*                  Side Column                       */
        StringBuffer sc = new StringBuffer();
/*----------------------------------------------------*/


sc.append(reger.marketingSite.Biz.leftNav(pageProps.pathToAppRoot));

%>


<%@ include file="../globalfooter.jsp" %>

