<%
/*----------------------------------------------------*/
/*                  Page Config                       */
reger.pageFramework.PageProps pageProps = new reger.pageFramework.PageProps();
pageProps.siteSection=pageProps.MARKETINGSITE;
pageProps.title = "Press/Media";
pageProps.isPasswordProtected = false;
pageProps.trafficType=reger.Vars.TRAFFICTYPEMARKETINGSITEMISC;
pageProps.pathToAppRoot="../";
pageProps.marketingSiteSection = pageProps.MARKETINGSITESECTIONBIZ;
/*----------------------------------------------------*/
%>

<%@ include file="../globalheader.jsp" %>




<%
/*----------------------------------------------------*/
/*                  Main Body                         */
        StringBuffer mb = new StringBuffer();
/*----------------------------------------------------*/

%>
<%@ include file="biz-header.jsp" %>
<%


mb.append("We love press. We love getting the word out so that more people can share in the web logging revolution.   Just let us know what we can do to get into your publication, tv show or radio show.");

mb.append("<br>");
mb.append("<h1>Weblogging Makes Good Press</h1>");
mb.append("Weblogging is exciting because it's still somewhat underground.  While numerous articles have been written about it, it's still got its cool factor.  It's something that we wired people do.  Reger.com is trying to bring that excitement and value to everybody by adding the concept of activity-specific web logs.");
mb.append("<br><br>Web logging is also exciting because it touches so many new trends like social networking and corporate knowledge management.");



mb.append("<br>");
mb.append("<h1>Storylines</h1>");
mb.append("We've even put together a list of <a href='pr-storylines.log'>storylines</a> to get your creative juices flowing.");

mb.append("<br>");
mb.append("<h1>Invitation to review</h1>");
mb.append("I'd like to invite you to review http://www.reger.com");
mb.append("<br>");
mb.append("<br>");
mb.append("We've got all of the traditional web logging goodies but we also havesex, drugs and rock n' roll... well, maybe not rock n' roll, but definitely sex and drugs.");
mb.append("<br>");
mb.append("<br>");
mb.append("We host activity-specific web logs.  Things like Running Logs, Biking Logs and Swimming Logs help people stay in shape.  Urine Color Logs, Body Weight Logs and Bowel Movement Logs keep people healthy.");
mb.append("<br>");
mb.append("<br>");
mb.append("And the sex log helps people, well, realize how slutty they are.  True story.  A woman exclaimed after a while \"Damn, I'm slutty\" when she looked at her pie chart of partners.");
mb.append("<br>");
mb.append("<br>");
mb.append("We're also leveraging the moblogging with one of the richest moblogging featuresets out there for camera phones.  And we have a social networking component to keep you in touch with your friends.");
mb.append("<br>");
mb.append("<br>");
mb.append("Our long-term vision is to be a platform for the collection of digital memories. By helping people to collect, organize, analyze and share personal data we fill a void in the market these days.  We have millions of devices to create personal data... but very few to organize and analyze it.");
mb.append("<br>");
mb.append("<br>");
mb.append("Please let me know if there's anything I can do to help with any articlerelated to web logging.");
mb.append("<br>");
mb.append("<br>");
mb.append("Best,");
mb.append("<br>");
mb.append("<br>");
mb.append("Joe Reger, Jr.");
mb.append("<br>");
mb.append("Founder, CEO");
mb.append("<br>");



%>
<%@ include file="biz-footer.jsp" %>
<%

%>

<%
/*----------------------------------------------------*/
/*                  Side Column                       */
        StringBuffer sc = new StringBuffer();
/*----------------------------------------------------*/


sc.append(reger.marketingSite.Biz.leftNav(pageProps.pathToAppRoot));

%>


<%@ include file="../globalfooter.jsp" %>

