<%
/*----------------------------------------------------*/
/*                  Page Config                       */
reger.pageFramework.PageProps pageProps = new reger.pageFramework.PageProps();
pageProps.siteSection=pageProps.MARKETINGSITE;
pageProps.title = "Enterprise Web Logging Service";
pageProps.isPasswordProtected = false;
pageProps.trafficType=reger.Vars.TRAFFICTYPEMARKETINGSITEMISC;
pageProps.pathToAppRoot="../";
pageProps.marketingSiteSection = pageProps.MARKETINGSITESECTIONBIZ;
/*----------------------------------------------------*/
%>

<%@ include file="../globalheader.jsp" %>





<%
/*----------------------------------------------------*/
/*                  Main Body                         */
        StringBuffer mb = new StringBuffer();
/*----------------------------------------------------*/

%>
<%@ include file="biz-header.jsp" %>
<%


mb.append("The Enterprise Web Logging Service includes everything you need to be in the web logging business.");
mb.append("It is a complete solution that allows you to offer web logs to your customers.");

mb.append("<br>");
mb.append("<h1>Requirements Analysis</h1>");
mb.append("We will work with you to understand your web logging needs before implementing a solution.  This requirements analysis includes the following:");
mb.append("<ul>");
mb.append("<li>Traffic analysis to determine server needs");
mb.append("<li>DNS analysis to determine domain names and hosting options");
mb.append("<li>Legal review with your counsel to uncover any special privacy concerns/issues");
mb.append("<li>Branding guidelines");
mb.append("</ul>");

mb.append("<br>");
mb.append("<h1>Private Label Design</h1>");
mb.append("Your private label template is important because it is displayed on all pages served by your users.  Your template needs to be both high impact and low bandwidth.  It must allow ample room for your user's web logs but also incorporate your brand.");
mb.append("We can design your template for you or work with your internal design/marketing group.");

mb.append("<br>");
mb.append("<h1>Server Setup</h1>");
mb.append("Whether hosted by you or by us, we set up the servers with the proper operating system, application server, database and security options.");

mb.append("<br>");
mb.append("<h1>Service Configuration</h1>");
mb.append("There are numerous ways to configure the web logging service to suit your needs.");
mb.append("<ul>");
mb.append("<li>Choose log types - You can include as many or as few log types as you like.  Most corporations don't include the Sex Log, for example.  Once a log type is removed, your users will never know that it even exists.  This allows you to create a focus on, say, fitness logs or business logs.");
mb.append("<li>Base URL - Determines what users will use as their site name (i.e. http://username.yourdomain.com)");
mb.append("<li>Pricing options - How much your users pay if they choose to upgrade.");
mb.append("<li>Advertising options - Whether or not banners will be displayed on your free users' sites.  You can subsidize them to remove the banners.");
mb.append("</ul>");

mb.append("<br>");
mb.append("<h1>Quality Assurance / Compliance Testing</h1>");
mb.append("Testing prior to launch guarantees that you put your best foot forward.  We will work with your internal teams to define and implement a testing checklist.");
mb.append("<ul>");
mb.append("<li>Legal compliance check");
mb.append("<li>Corporate branding compliance check");
mb.append("<li>Technology/server setup check - (http, smtp, dns, xml, wap)");
mb.append("<li>Limited launch with users of your choice");
mb.append("</ul>");


mb.append("<br>");
mb.append("<h1>Launch Planning</h1>");
mb.append("Launching your new web logging portal properly is critical.  This may include communications to your user base, public relations announcements, bill stuffing, web site announcements, telemarketing, email marketing and other forms of marketing.  Launch planning delivers:");
mb.append("<ul>");
mb.append("<li>One day moderated executive marketing session");
mb.append("<li>One day focus group with your target market");
mb.append("<li>Written launch and marketing plan");
mb.append("</ul>");

mb.append("<br>");
mb.append("<h1>Customer Service</h1>");
mb.append("It's important to support your users once they jump into the world of web logging.  We provide email customer support for your web logs on your behalf.  Phone packages are available upon request.");

mb.append("<br>");
mb.append("<h1>Server Maintenance</h1>");
mb.append("Servers will be maintained and patched to keep your site running.");

mb.append("<br>");
mb.append("<h1>Feature Updates</h1>");
mb.append("Depending on licensing arrangements and deployment options you can choose to recieve new features as they become available.");


%>
<%@ include file="biz-footer.jsp" %>
<%

%>

<%
/*----------------------------------------------------*/
/*                  Side Column                       */
        StringBuffer sc = new StringBuffer();
/*----------------------------------------------------*/


sc.append(reger.marketingSite.Biz.leftNav(pageProps.pathToAppRoot));

%>


<%@ include file="../globalfooter.jsp" %>

