<%
/*----------------------------------------------------*/
/*                  Page Config                       */
reger.pageFramework.PageProps pageProps = new reger.pageFramework.PageProps();
pageProps.siteSection=pageProps.MARKETINGSITE;
pageProps.title = "Data API Service";
pageProps.isPasswordProtected = false;
pageProps.trafficType=reger.Vars.TRAFFICTYPEMARKETINGSITEMISC;
pageProps.pathToAppRoot="../";
pageProps.marketingSiteSection = pageProps.MARKETINGSITESECTIONBIZ;
/*----------------------------------------------------*/
%>

<%@ include file="../globalheader.jsp" %>





<%
/*----------------------------------------------------*/
/*                  Main Body                         */
        StringBuffer mb = new StringBuffer();
/*----------------------------------------------------*/

%>
<%@ include file="biz-header.jsp" %>
<%


mb.append("If you're developing a device that collects data you'll want to derive a revenue stream from the data.  But you'll have to somehow manage the difference in release cycles between physical devices (once you go to manufacturing, it's set) and software (release early and often).  You need a contractual relationship that defines and guarantees that a certain API will be available for a given time period.  This allows you to go to manufacture with peace of mind.");

mb.append("<br>");
mb.append("<h1>Documentation</h1>");
mb.append("We'll document the API that we agree to.  This helps your internal development teams to finish their job.");

mb.append("<br>");
mb.append("<h1>Frozen API</h1>");
mb.append("We'll freeze the API and support it for the lifetime of your product.  You're no longer subject to the whims of the standards bodies or the fickleness of some open source communities.");

mb.append("<br>");
mb.append("<h1>API Service</h1>");
mb.append("The API can be serviced from our servers or from our software on your servers.");


%>
<%@ include file="biz-footer.jsp" %>
<%

%>

<%
/*----------------------------------------------------*/
/*                  Side Column                       */
        StringBuffer sc = new StringBuffer();
/*----------------------------------------------------*/


sc.append(reger.marketingSite.Biz.leftNav(pageProps.pathToAppRoot));

%>


<%@ include file="../globalfooter.jsp" %>

