<%
/*----------------------------------------------------*/
/*                  Page Config                       */
reger.pageFramework.PageProps pageProps = new reger.pageFramework.PageProps();
pageProps.siteSection=pageProps.MARKETINGSITE;
pageProps.title = "Custom Log Type Development";
pageProps.isPasswordProtected = false;
pageProps.trafficType=reger.Vars.TRAFFICTYPEMARKETINGSITEMISC;
pageProps.pathToAppRoot="../";
pageProps.marketingSiteSection = pageProps.MARKETINGSITESECTIONBIZ;
/*----------------------------------------------------*/
%>

<%@ include file="../globalheader.jsp" %>




<%
/*----------------------------------------------------*/
/*                  Main Body                         */
        StringBuffer mb = new StringBuffer();
/*----------------------------------------------------*/

%>
<%@ include file="biz-header.jsp" %>
<%


mb.append("No matter what your company does we can build a custom log type for you.  We already have Running Logs, Swimming Logs, Restaurant Logs, etc.  But what about a Reality TV Show Log that includes the intricacies of the game?  Or a Woodworking Log?  You know your business.");

mb.append("<br>");
mb.append("<h1>Advantages</h1>");
mb.append("<ul>");
mb.append("<li>Creates a highly relevant web offering for your customers");
mb.append("<li>You leverage the rest of the reger.com web logging infrastructure.  The Admin interface.  The syndication features.  You get it all.  But you add your own log type.");
mb.append("<li>New advertising revenue opportunities");
mb.append("<li>Keep your log type exclusive to your company or share it with the world");
mb.append("</ul>");

mb.append("<br>");
mb.append("<h1>How It Works</h1>");
mb.append("<ul>");
mb.append("<li>We'll work with you to understand how great log types are built");
mb.append("<li>We document the fields, charts, graphs and options that you need for your new log");
mb.append("<li>We'll build a test version of the log and launch it on a password-protected site for your review");
mb.append("<li>We'll incorporate any comments or changes you request and re-launch");
mb.append("<li>Your new log will be available in your web logging web site");
mb.append("</ul>");

%>
<%@ include file="biz-footer.jsp" %>
<%

%>

<%
/*----------------------------------------------------*/
/*                  Side Column                       */
        StringBuffer sc = new StringBuffer();
/*----------------------------------------------------*/


sc.append(reger.marketingSite.Biz.leftNav(pageProps.pathToAppRoot));

%>


<%@ include file="../globalfooter.jsp" %>

