<%
/*----------------------------------------------------*/
/*                  Page Config                       */
reger.pageFramework.PageProps pageProps = new reger.pageFramework.PageProps();
pageProps.siteSection=pageProps.MARKETINGSITE;
pageProps.title = "Products";
pageProps.isPasswordProtected = false;
pageProps.trafficType=reger.Vars.TRAFFICTYPEMARKETINGSITEMISC;
pageProps.pathToAppRoot="../";
pageProps.marketingSiteSection = pageProps.MARKETINGSITESECTIONMOREINFO;
/*----------------------------------------------------*/
%>

<%@ include file="../globalheader.jsp" %>





<%
/*----------------------------------------------------*/
/*                  Main Body                         */
        StringBuffer mb = new StringBuffer();
/*----------------------------------------------------*/

%>
<%@ include file="biz-header.jsp" %>
<%


mb.append("Our products are built with business in mind.  Our goal is to give you as much flexibility in your business as possible.");

mb.append("<br>");
mb.append("<h1>Enterprise Class</h1>");
mb.append("Our solutions are build on enterprise quality platforms.  We employ enterprise quality processes.  We can scale from thousands to millions in support of your business goals.");

mb.append("<br>");
mb.append("<h1>Mature Software</h1>");
mb.append("Our solutions have been deployed in production environments for years.  Thousands of users have fire-tested them.  Underlying software architectures have been refactored as needed.");

mb.append("<br>");
mb.append("<h1>State of the Art Features</h1>");
mb.append("Our web logging features are state of the art.  No other company offers the same number of features in a single product.");

mb.append("<br>");
mb.append("<h1>The Products</h1>");
mb.append("Choose from the list of products on the left for more information.");


%>
<%@ include file="biz-footer.jsp" %>
<%

%>

<%
/*----------------------------------------------------*/
/*                  Side Column                       */
        StringBuffer sc = new StringBuffer();
/*----------------------------------------------------*/


sc.append(reger.marketingSite.Biz.leftNav(pageProps.pathToAppRoot));

%>


<%@ include file="../globalfooter.jsp" %>

