<%
/*----------------------------------------------------*/
/*                  Page Config                       */
reger.pageFramework.PageProps pageProps = new reger.pageFramework.PageProps();
pageProps.siteSection=pageProps.MARKETINGSITE;
pageProps.title = "Query Custom Data";
pageProps.isPasswordProtected = false;
pageProps.trafficType=reger.Vars.TRAFFICTYPEMARKETINGSITEMISC;
pageProps.pathToAppRoot="../";
pageProps.marketingSiteSection = pageProps.MARKETINGSITESECTIONBIZ;
/*----------------------------------------------------*/
%>

<%@ include file="../globalheader.jsp" %>




<%
/*----------------------------------------------------*/
/*                  Main Body                         */
        StringBuffer mb = new StringBuffer();
/*----------------------------------------------------*/


mb.append(reger.core.Util.popup());

%>
<%@ include file="biz-header.jsp" %>
<%



mb.append("<br clear=all>");
mb.append("<h1>Find Entries Based on Data Criteria</h1>");
mb.append("You can build powerful data queries to locate entries that fulfill certain criteria.");

mb.append("<br clear=all>");
mb.append("<br clear=all>");
mb.append(reger.marketingSite.TourHtml.screenShotBizWithDescription("advsearch.gif", "left", "", ""));



%>
<%@ include file="biz-footer.jsp" %>
<%

%>

<%
/*----------------------------------------------------*/
/*                  Side Column                       */
        StringBuffer sc = new StringBuffer();
/*----------------------------------------------------*/


sc.append(reger.marketingSite.Biz.leftNav(pageProps.pathToAppRoot));

%>


<%@ include file="../globalfooter.jsp" %>

