<%
/*----------------------------------------------------*/
/*                  Page Config                       */
reger.pageFramework.PageProps pageProps = new reger.pageFramework.PageProps();
pageProps.siteSection=pageProps.MARKETINGSITE;
pageProps.title = "Contact Us";
pageProps.navButtonName = "aboutbiz-contactus";
pageProps.isPasswordProtected = false;
pageProps.trafficType=reger.Vars.TRAFFICTYPEMARKETINGSITEMISC;
pageProps.pathToAppRoot="../";
pageProps.marketingSiteSection = pageProps.MARKETINGSITESECTIONMOREINFO;
/*----------------------------------------------------*/
%>

<%@ include file="../globalheader.jsp" %>





<%
/*----------------------------------------------------*/
/*                  Main Body                         */
        StringBuffer mb = new StringBuffer();
/*----------------------------------------------------*/



mb.append("Please feel free to contact us. We're flexible, creative and happy to assist you!");

mb.append("<br>");
mb.append("<br>");
mb.append("<h2>General Information:</h2>");
mb.append("Joe Reger");
mb.append("<br>");
mb.append("Reger.com");
mb.append("<br>");
mb.append("3730 Gleneagles Lane");
mb.append("<br>");
mb.append("Atlanta, GA 30084" );
mb.append("<br>");
mb.append("phone: 404.394.6102");
mb.append("<br>");
mb.append("email: <a href='mailto:info@reger.com'>info@reger.com</a>");

mb.append("<br>");
mb.append("<br>");
mb.append("<h2>Sales</h2>");
mb.append("John Broadus:");
mb.append("<br>");
mb.append("phone: 404.661.3440");
mb.append("<br>");
mb.append("email: <a href='mailto:jb@reger.com'>jb@reger.com</a>");

mb.append("<br>");
mb.append("<br>");
mb.append("<h2>Marketing and Press Inquiries:</h2>");
mb.append("Duncan Freeman");
mb.append("<br>");
mb.append("phone: 404.229.2216");
mb.append("<br>");
mb.append("email: <a href='mailto:duncan@reger.com'>duncan@reger.com</a>");

mb.append("<br>");
mb.append("<br>");
mb.append("<h2>Legal Matters:</h2>");
mb.append("John Elmore");
mb.append("<br>");
mb.append("phone: 404.394.6102");
mb.append("<br>");
mb.append("email: <a href='mailto:john@reger.com'>john@reger.com</a>");

mb.append("<br>");
mb.append("<br>");
mb.append("<h2>Additional Contact Information:</h2>");
mb.append("Partnerships: <a href='mailto:partner@reger.com'>partner@reger.com</a>");
mb.append("<br>");
mb.append("Reseller Program: <a href='mailto:var@reger.com'>var@reger.com</a>");
mb.append("<br>");
mb.append("Customer Service: <a href='mailto:service@reger.com'>service@reger.com</a>");
mb.append("<br>");
mb.append("Customer Support: <a href='mailto:support@reger.com'>support@reger.com</a>");
mb.append("<br>");




%>

<%
/*----------------------------------------------------*/
/*                  Side Column                       */
        StringBuffer sc = new StringBuffer();
/*----------------------------------------------------*/

%>


<%@ include file="../globalfooter.jsp" %>

