<%
/*----------------------------------------------------*/
/*                  Page Config                       */
reger.pageFramework.PageProps pageProps = new reger.pageFramework.PageProps();
pageProps.siteSection=pageProps.MARKETINGSITE;
pageProps.title = "Our Partners";
pageProps.navButtonName = "aboutbiz-contactus";
pageProps.isPasswordProtected = false;
pageProps.trafficType=reger.Vars.TRAFFICTYPEMARKETINGSITEMISC;
pageProps.pathToAppRoot="../";
pageProps.marketingSiteSection = pageProps.MARKETINGSITESECTIONMOREINFO;
/*----------------------------------------------------*/
%>

<%@ include file="../globalheader.jsp" %>





<%
/*----------------------------------------------------*/
/*                  Main Body                         */
        StringBuffer mb = new StringBuffer();
/*----------------------------------------------------*/



mb.append("Below are some of our partners. If you would like to strike a relationship, please send an email to <a href='partner@reger.com'>partner@reger.com</a>.");

mb.append("<br>");
mb.append("<br>");
mb.append("<h2><a href='http://www.chibacon.de/'>Chibacon:</a></h2>");
mb.append("Chibacon is a service company offering training, consulting and development of advanced XML and Java solutions.");

mb.append("<br>");
mb.append("<br>");
mb.append("<h2><a href='http://www.theblogstudio.com/'>The Blog Studio:</a></h2>");
mb.append("A web design firm specializing in blogs" );



%>

<%
/*----------------------------------------------------*/
/*                  Side Column                       */
        StringBuffer sc = new StringBuffer();
/*----------------------------------------------------*/

%>


<%@ include file="../globalfooter.jsp" %>

