<%
/*----------------------------------------------------*/
/*                  Page Config                       */
reger.pageFramework.PageProps pageProps = new reger.pageFramework.PageProps();
pageProps.siteSection=pageProps.MARKETINGSITE;
pageProps.title = "Knowledge Management - Launching Blogs into an Organization";
pageProps.navButtonName = "aboutbiz-knowledge-management-launching";
pageProps.isPasswordProtected = false;
pageProps.trafficType=reger.Vars.TRAFFICTYPEMARKETINGSITEMISC;
pageProps.pathToAppRoot="../";
pageProps.marketingSiteSection = pageProps.MARKETINGSITESECTIONMOREINFO;
/*----------------------------------------------------*/
%>

<%@ include file="../globalheader.jsp" %>





<%
/*----------------------------------------------------*/
/*                  Main Body                         */
        StringBuffer mb = new StringBuffer();
/*----------------------------------------------------*/




mb.append("<br>");
mb.append("<h1>Summary:</h1>");
mb.append("<ul>");
mb.append("<li>Launching blogs is as much about changing behavior as it is about adding technology.");
mb.append("<li>Reger.com employs a cross-functional approach to engage all parts of the organization, not just the technologists.");
mb.append("<li>Blogs take an initial investment in behavior but quickly become self-sustaining");
mb.append("</ul>");

mb.append("<br>");
mb.append("<h1>Technical needs analysis:</h1>");
mb.append("<ul>");
mb.append("<li>Traffic estimates based on number of users");
mb.append("<li>Hosting platform analysis (internal vs. outsourced)");
mb.append("<li>Security analysis");
    mb.append("<ul>");
    mb.append("<li>SSL/transport security");
    mb.append("<li>Password requirements");
    mb.append("<li>Server access/maintenance process security");
    mb.append("</ul>");
mb.append("<li>Organizational web browser standards");
mb.append("<li>Organizational user computer standards");
mb.append("<li>Organizational bandwidth availability");
mb.append("</ul>");

mb.append("<br>");
mb.append("<h1>Business needs analysis:</h1>");
mb.append("<ul>");
mb.append("<li>Short sessions to explain capabilities and get recommendations from sample managers, employees and executives");
mb.append("<li>Scenario-building to determine 2-3 processes that can be replaced/enhanced with web log");
mb.append("<li>Custom log type definition, including custom graphs and data fields");
mb.append("<li>Branding/UI analysis for private label");
mb.append("<li>Legal: Privacy and Terms of Use disclaimers");
mb.append("</ul>");

mb.append("<br>");
mb.append("<h1>Custom development (if any):</h1>");
mb.append("<ul>");
mb.append("<li>Any custom development is done");
mb.append("<li>Testing by internal and organization contacts to ensure code meets goals");
mb.append("</ul>");

mb.append("<br>");
mb.append("<h1>Server setup:</h1>");
mb.append("<ul>");
mb.append("<li>Work with internal group or host in Reger.com data center");
mb.append("<li>Testing of access from within organization");
mb.append("<li>Explanation of server maintenance procedures");
mb.append("</ul>");

mb.append("<br>");
mb.append("<h1>Pre-Launch (Priming the Pump):</h1>");
mb.append("<ul>");
mb.append("<li>Find the Experts – People with organization-specific expertise");
    mb.append("<ul>");
    mb.append("<li>Very important to get 5-10 Experts logging prior to main organizational launch");
    mb.append("<li>Experts are willing leaders, excited about the concept");
    mb.append("<li>Experts can be recruited but not forced to log");
    mb.append("</ul>");
mb.append("<li>Coaches – Trained or hired to evangelize web logging technology and make its use common/easy");
mb.append("</ul>");

mb.append("<br>");
mb.append("<h1>Launch day:</h1>");
mb.append("<ul>");
mb.append("<li>Pre-planned communications are made to organization");
    mb.append("<ul>");
    mb.append("<li>Email");
    mb.append("<li>Links on existing corporate intranet");
    mb.append("<li>Internal newsletters");
    mb.append("</ul>");
mb.append("<li>Coaches hold lunch parties/working lunch sessions to generate excitement and explain concept of knowledge blogging");
mb.append("<li>Executives show support and acknowledge new challenges ahead");
mb.append("<li>Expert web logs are highlighted, already populated with some content");
mb.append("<li>Users are shown how easy it is to create their first web log entry");
mb.append("<li>Acceptable use policy discussed to make sure users understand bounds and rights within the organizational blogging environment");
mb.append("</ul>");

mb.append("<br>");
mb.append("<h1>Post-Launch:</h1>");
mb.append("<ul>");
mb.append("<li>Coaches and experts work to encourage web logging by example");
mb.append("<li>Communities form");
mb.append("<li>Case studies are provided to highlight success");
mb.append("<li>Problem areas are worked on (slow adoption, unacceptable use, cultural issues, etc)");
mb.append("</ul>");

mb.append("<br>");
mb.append("<h1>Success:</h1>");
mb.append("<ul>");
mb.append("<li>Conversations taking place on web logs are self-sustaining");
mb.append("<li>Employees, managers and executives benefit from the conversations and archival of corporate knowledge");
mb.append("</ul>");



mb.append("<br>");
mb.append("<br>");
mb.append("<br>");
mb.append("<br>");
mb.append("<br>");
mb.append("<br>");
mb.append("** The content on this page is not completely our own.  It has been collected in emails and blog entries throughout the years.  Unfortunately, the sources of much of the information have been lost.  If you were the primary author of any of the content here, please do not hesitate to contact us... we'd be glad to give you credit for it and we apologize in advance for not doing so already.  It's our fault for not collecting references over the years.");




%>

<%
/*----------------------------------------------------*/
/*                  Side Column                       */
        StringBuffer sc = new StringBuffer();
/*----------------------------------------------------*/


%>


<%@ include file="../globalfooter.jsp" %>

