<%
/*----------------------------------------------------*/
/*                  Page Config                       */
reger.pageFramework.PageProps pageProps = new reger.pageFramework.PageProps();
pageProps.siteSection=pageProps.MARKETINGSITE;
pageProps.title = "Press";
pageProps.navButtonName = "aboutpr-overview";
pageProps.isPasswordProtected = false;
pageProps.trafficType=reger.Vars.TRAFFICTYPEMARKETINGSITEMISC;
pageProps.pathToAppRoot="../";
pageProps.marketingSiteSection = pageProps.MARKETINGSITESECTIONMOREINFO;
/*----------------------------------------------------*/
%>

<%@ include file="../globalheader.jsp" %>




<%
/*----------------------------------------------------*/
/*                  Main Body                         */
        StringBuffer mb = new StringBuffer();
/*----------------------------------------------------*/




mb.append("We love press. We love getting the word out so that more people can share in the web logging revolution.   Just let us know what we can do to help.  If you are with the media and have questions, please contact <a href='mailto:joe@joereger.com'>Joe Reger.</a>");
mb.append("<br>");
mb.append("<br>");
mb.append("Weblogging is also exciting because it's still somewhat underground.  While numerous articles have been written about it, it's still got a cool factor.  It's something that we geeky people do.  Reger.com is trying to bring that excitement and value to everybody by adding the concept of activity-specific web logs. Additionally, web logging is exciting because it touches so many new trends like social networking and corporate knowledge management.");
mb.append("<br>");
mb.append("<br>");
mb.append("<b>Press Releases:</b>");
mb.append("<br>");
mb.append("Coming Soon...");
mb.append("<br>");
mb.append("<br>");
mb.append("<hr>");
mb.append("<br>");
mb.append("<b>In The News:</b>");
mb.append("<br>");
mb.append("Coming Soon...");
mb.append("<br>");
mb.append("<br>");
mb.append("<hr>");
mb.append("<br>");
mb.append("<b>Events:</b>");
mb.append("<br>");
mb.append("Coming Soon...");



%>

<%
/*----------------------------------------------------*/
/*                  Side Column                       */
        StringBuffer sc = new StringBuffer();
/*----------------------------------------------------*/



%>


<%@ include file="../globalfooter.jsp" %>

