<%
/*----------------------------------------------------*/
/*                  Page Config                       */
reger.pageFramework.PageProps pageProps = new reger.pageFramework.PageProps();
pageProps.siteSection=pageProps.MARKETINGSITE;
pageProps.title = "Technology";
pageProps.navButtonName = "abouttechnology";
pageProps.isPasswordProtected = false;
pageProps.trafficType=reger.Vars.TRAFFICTYPEMARKETINGSITEMISC;
pageProps.pathToAppRoot="../";
pageProps.marketingSiteSection = pageProps.MARKETINGSITESECTIONMOREINFO;
/*----------------------------------------------------*/
%>

<%@ include file="../globalheader.jsp" %>





<%
/*----------------------------------------------------*/
/*                  Main Body                         */
        StringBuffer mb = new StringBuffer();
/*----------------------------------------------------*/





mb.append("<br>");
mb.append("<h1>Enterprise Quality Components</h1>");
mb.append("Our technology is built on proven enterprise quality platforms:");
mb.append("<ul>");
mb.append("<li>Apache Tomcat 5.5.x");
mb.append("<li>Java 5.0");
mb.append("<li>MySQL Database v5.x");
mb.append("</ul>");

mb.append("<br>");
mb.append("<h1>Extendable</h1>");
mb.append("There are a number of ways that you can extend the system yourself via custom coding.");


mb.append("<br>");
mb.append("<h1>Scalable</h1>");
mb.append("The technology can be deployed in large multi-tier enterprise configurations.  Load balancing and clustering are scaling options.");

mb.append("<br>");
mb.append("<h1>Version History</h1>");
mb.append(reger.versioninfo.VersionInfoRenderer.getVersionList("../about/versions.log"));

mb.append("<br>");
mb.append("<h1>We Host</h1>");
mb.append("<ul>");
mb.append("<li>We will setup your server in our data center");
mb.append("<li>Data segregation and security");
mb.append("<li>We handle server updates and maintenance");
mb.append("<li>Data backup and integrity");
mb.append("</ul>");

mb.append("<br>");
mb.append("<h1>You Host</h1>");
mb.append("<ul>");
mb.append("<li>We can license you to install our software on your servers for increased security of corporate data");
mb.append("<li>Technical training and consulting");
mb.append("<li>Installation and support services");
mb.append("</ul>");



%>

<%
/*----------------------------------------------------*/
/*                  Side Column                       */
        StringBuffer sc = new StringBuffer();
/*----------------------------------------------------*/



%>


<%@ include file="../globalfooter.jsp" %>

