<%
/*----------------------------------------------------*/
/*                  Page Config                       */
reger.pageFramework.PageProps pageProps = new reger.pageFramework.PageProps();
pageProps.siteSection=pageProps.MARKETINGSITE;
pageProps.title = "Knowledge Management - An ROI Analysis";
pageProps.navButtonName = "aboutknowledge-management-roi";
pageProps.isPasswordProtected = false;
pageProps.trafficType=reger.Vars.TRAFFICTYPEMARKETINGSITEMISC;
pageProps.pathToAppRoot="../";
pageProps.marketingSiteSection = pageProps.MARKETINGSITESECTIONMOREINFO;
/*----------------------------------------------------*/
%>

<%@ include file="../globalheader.jsp" %>





<%
/*----------------------------------------------------*/
/*                  Main Body                         */
        StringBuffer mb = new StringBuffer();
/*----------------------------------------------------*/





mb.append("<br>");
mb.append("<h1>ROI Comparison: kLogs vs. Intranet Portal Software</h1>");
mb.append("<ul>");
mb.append("<li>Portal ROI based on a document produced by Plumtree Software");
mb.append("<li>Knowledge Blog ROI based on third party analysis");
mb.append("<li>Assumes a 5,000 person organization, although the numbers can be scaled up or down accordingly");
mb.append("</ul>");

mb.append("<br>");
mb.append("<h1>Portal Costs:</h1>");
mb.append("<ul>");
mb.append("<li>Portal license:  $2,000,0000   ($400 per desktop for the core package) ");
mb.append("<li>Hardware:  $110,000 ");
mb.append("<li>Collaboration and portlet development tools:  $675,000 ");
mb.append("<li>Operational costs:  $1,250,000  (very expensive admin)");
mb.append("<li>TCO over one year:  $4,035,000  for 5,000 desktops or $807 a desktop");
mb.append("</ul>");

mb.append("<br>");
mb.append("<h1>Portal benefits:</h1>");
mb.append("<ul>");
mb.append("<li>Lower cost of delivering web front ends to business apps:  $1,200,000 ");
mb.append("<li>Lower cost of adding a web front end to business apps:  $1,050,000 ");
mb.append("<li>Large document publishing via portal lowers costs of publishing via e-mail:  $56,000 ");
mb.append("<li>Lower extranet, directory, and Intranet management costs:  $1,038,000 ");
mb.append("<li>Lower training costs due to portal integration:  $1,800,000 ");
mb.append("<li>Efficient information delivery lowers compliance costs:  $432,000 ");
mb.append("<li>Collaboration improves project effectiveness:  $300,000 ");
mb.append("<li>Elimination of paper-based distribution of corporate media:  $800,000 ");
mb.append("<li>Employee self service:  $182,000 ");
mb.append("<li>Customer and partner self service:  $80,000 ");
mb.append("<li>Increased productivity via a single Web interface:  $2,500,000");
mb.append("<li>Net benefit:  $9,342,000 or $1,886 per desktop.");
mb.append("</ul>");

mb.append("<br>");
mb.append("<h1>Total ROI of a traditional Portal system:</h1>");
mb.append("<ul>");
mb.append("<li>240%, not bad.");
mb.append("</ul>");

mb.append("<br>");
mb.append("<h1>Knowledge Management Blogs Cost (high end estimates):</h1>");
mb.append("<ul>");
mb.append("<li>Software license:  ~$250,000 ($50 a desktop at the high end -- using a variety of vendors as models). ");
mb.append("<li>Hardware:  ~$60,000 ");
mb.append("<li>Custom blog portal development:  ~$100,000 ");
mb.append("<li>Operational costs:  ~$300,000");
mb.append("<li>TCO of a blog system over one year:  $710,000  for 5,000 desktops or $142 a desktop  (a well run project could probably cut this to under $75 a desktop).");
mb.append("</ul>");

mb.append("<br>");
mb.append("<h1>Knowledge Blog Benefits:</h1>");
mb.append("<ul>");
mb.append("<li>Lower cost of delivering web front ends to business apps:  $1,200,000  (100%, this can be done by personal blog systems by template control and self editing of navigation links). ");
mb.append("<li>Lower cost of adding a web front end to business apps:  unknown  (a portion of this could be accomplished by using the low cost CMS that the blog system is built on, but I will count this as a zero for sake of argument).  ");
mb.append("<li>Large document publishing via portal lowers costs of publishing via e-mail:  $56,000 (100%, self published files with human understandable version history is easy via a blog system) ");
mb.append("<li>Lower extranet, directory, and Intranet management costs:  $1,038,000 (100%) ");
mb.append("<li>Lower training costs due to portal integration:  $1,800,000 (100%, I would argue that a blog system is even easier to train an employee on than a portal package since this is a system that is in wide use on the Web). ");
mb.append("<li>Efficient information delivery lowers compliance costs:  $432,000 (100%, through both RSS and blog publishing) ");
mb.append("<li>Collaboration improves project effectiveness:  $300,000  (kLog networks include discussions, comments, e-mail bulletins, trackback, RSS, and more for collaboration) ");
mb.append("<li>Elimination of paper-based distribution of corporate media:  $800,000 (100%, RSS -- including enclosures -- and blog publishing) ");
mb.append("<li>Employee self service:  $182,000 (100%, information and application access is even more under the control of the individual employee in a blog network, and therefore more able to radically enhance power users -- which typically are some of the most productive employees)");
mb.append("<li>Customer and partner self service:  $80,000 (100%) ");
mb.append("<li>Increased productivity via a single Web interface:  $2,500,000 (100%, easily done through template control and integration of web front ends with employee weblog interfaces). ");
mb.append("<li>Net benefit of a blog system:  $8,292,000 or $1,658 per desktop.");
mb.append("</ul>");

mb.append("<br>");
mb.append("<h1>Total ROI of a knowledge management blog system:</h1>");
mb.append("<ul>");
mb.append("<li>1,170%, really good.");
mb.append("</ul>");



mb.append("<br>");
mb.append("<br>");
mb.append("<br>");
mb.append("<br>");
mb.append("<br>");
mb.append("<br>");
mb.append("** The content on this page is not completely our own.  It has been collected in emails and blog entries throughout the years.  Unfortunately, the sources of much of the information have been lost.  If you were the primary author of any of the content here, please do not hesitate to contact us... we'd be glad to give you credit for it and we apologize in advance for not doing so already.  It's our fault for not collecting references over the years.");



%>

<%
/*----------------------------------------------------*/
/*                  Side Column                       */
        StringBuffer sc = new StringBuffer();
/*----------------------------------------------------*/



%>


<%@ include file="../globalfooter.jsp" %>

