<%@ page import="reger.core.db.Db,
                 reger.search.SearchUIFlowAdvSearch"%>
<%
/*----------------------------------------------------*/
/*                  Page Config                       */
reger.pageFramework.PageProps pageProps = new reger.pageFramework.PageProps();
pageProps.siteSection=pageProps.MARKETINGSITEWITHUSERCONTENT;
pageProps.title = "Complex Search";
pageProps.navButtonName = "about-community-search";
pageProps.isPasswordProtected = false;
pageProps.trafficType=reger.Vars.TRAFFICTYPEMARKETINGSITEMISC;
pageProps.pathToAppRoot="../";
pageProps.marketingSiteSection = pageProps.MARKETINGSITESECTIONCOMMUNITY;
/*----------------------------------------------------*/
%>

<%@ include file="../globalheader.jsp" %>



<%
/*----------------------------------------------------*/
/*                  Main Body                         */
        StringBuffer mb = new StringBuffer();
/*----------------------------------------------------*/

//HtmlCache
String cachekey = "CommunitySearchPage" + " URL:" + reger.cache.html.HtmlCache.getKeyFromRequest(request); //Anything unique for the page
int refreshintervalinseconds = 3600;
%><%@ include file="../htmlcachestart.jsp" %><%

    mb.append("This is a complex search designed to help you find sites based on the keywords, data, dates, etc. that you enter below. Our search engine will look in the title, body, comments or file descriptions of all of our datablog sites, and return any matching results.");

    mb.append("<br>");
    mb.append("<br>");

    mb.append("<blockquote>");

    //Create a SearchUI object
    reger.search.SearchUI searchUI = new reger.search.SearchUI(request, userSession, new SearchUIFlowAdvSearch());

    //In the case of this search.log jsp only the current account is searched
    //int[] accountidsToSearch = new int[1];
    //accountidsToSearch[0]=userSession.getAccount().getAccountid();
    //searchUI.getSearchEntries().setAccountsToSearch(accountidsToSearch);

    //Call the html
    mb.append(searchUI.wrapperHtml());

    mb.append("</blockquote>");




    mb.append("<br><br>");


//HtmlCache
%><%@ include file="../htmlcacheend.jsp" %><%

%>

<%
/*----------------------------------------------------*/
/*                  Side Column                       */
        StringBuffer sc = new StringBuffer();
/*----------------------------------------------------*/
%>


<%@ include file="../globalfooter.jsp" %>

