<%@ page import="reger.core.db.Db,
                 reger.core.db.Db"%>
<%
/*----------------------------------------------------*/
/*                  Page Config                       */
reger.pageFramework.PageProps pageProps = new reger.pageFramework.PageProps();
pageProps.siteSection=pageProps.MARKETINGSITEWITHUSERCONTENT;
pageProps.title = "Community: Log Types";
pageProps.navButtonName = "aboutcommunity-logtypes";
pageProps.isPasswordProtected = false;
pageProps.trafficType=reger.Vars.TRAFFICTYPEMARKETINGSITEMISC;
pageProps.pathToAppRoot="../";
pageProps.marketingSiteSection = pageProps.MARKETINGSITESECTIONCOMMUNITY;
/*----------------------------------------------------*/
%>

<%@ include file="../globalheader.jsp" %>




<%
/*----------------------------------------------------*/
/*                  Main Body                         */
        StringBuffer mb = new StringBuffer();
/*----------------------------------------------------*/

//HtmlCache
String cachekey = "CommunityPageLogTypes" + " URL:" + reger.cache.HtmlCache.getKeyFromRequest(request); //Anything unique for the page
int refreshintervalinseconds = 3600;
%><%@ include file="../htmlcachestart.jsp" %><%


        mb.append("<br>");


        if (pageProps.action.equals("search")){
            mb.append(reger.MegaLogTypeListHtmlRenderer.getSearchResults(request.getParameter("searchterms"), "signup2.log", "community-logtypes.log", "community-logtypes-detail.log", request, response, userSession, pageProps));
        } else {
            mb.append(reger.MegaLogTypeListHtmlRenderer.getLogTypeList("signup2.log", "community-logtypes.log", "community-logtypes-detail.log", request, response, userSession, pageProps));
        }


//HtmlCache
%><%@ include file="../htmlcacheend.jsp" %><%


%>

<%
/*----------------------------------------------------*/
/*                  Side Column                       */
        StringBuffer sc = new StringBuffer();
/*----------------------------------------------------*/
%>


<%@ include file="../globalfooter.jsp" %>

