<%@ page import="reger.core.db.Db,
                 reger.search.SearchUIFlowAdvSearch"%>
<%
/*----------------------------------------------------*/
/*                  Page Config                       */
reger.pageFramework.PageProps pageProps = new reger.pageFramework.PageProps();
pageProps.siteSection=pageProps.MARKETINGSITEWITHUSERCONTENT;
pageProps.isPasswordProtected = false;
pageProps.trafficType=reger.Vars.TRAFFICTYPEMARKETINGSITEMISC;
pageProps.pathToAppRoot="../";
pageProps.marketingSiteSection = pageProps.MARKETINGSITESECTIONCOMMUNITY;
/*----------------------------------------------------*/
%>

<%@ include file="../globalheader.jsp" %>



<%
/*----------------------------------------------------*/
/*                  Main Body                         */
        StringBuffer mb = new StringBuffer();
/*----------------------------------------------------*/

//HtmlCache
String cachekey = "CommunityTellFriend" + " URL:" + reger.cache.HtmlCache.getKeyFromRequest(request); //Anything unique for the page
int refreshintervalinseconds = 3600;
%><%@ include file="../htmlcachestart.jsp" %><%


    String currentNavButtonName = "community-tellfriend";
    %><%@ include file="community-header.jsp" %><%

    mb.append("<br>");
    mb.append("<br>");

    mb.append("<br>");
    mb.append("<form action='emailafriend.log' method=post><font face=arial size=-1><b>Tell a Friend.</b></font>");
    mb.append("<br>");
    mb.append("<font face=arial size=-2>Share this with a friend.</font>");
    mb.append("<br>");
    mb.append("<input type='text' name='friendemail' value='Friend's Email**' size=15 maxlength=100 style='font-size: 10px'>");
    mb.append("<br>");
    mb.append("<input type='submit' value='Tell A Friend.' style='font-size: 10px'></form>");





    mb.append("<br><br>");


    %><%@ include file="community-footer.jsp" %><%

//HtmlCache
%><%@ include file="../htmlcacheend.jsp" %><%

%>

<%
/*----------------------------------------------------*/
/*                  Side Column                       */
        StringBuffer sc = new StringBuffer();
/*----------------------------------------------------*/
%>


<%@ include file="../globalfooter.jsp" %>

