<%@ page import="reger.core.db.Db,
                 reger.core.db.Db"%>
<%
/*----------------------------------------------------*/
/*                  Page Config                       */
reger.pageFramework.PageProps pageProps = new reger.pageFramework.PageProps();
pageProps.siteSection=pageProps.MARKETINGSITEWITHUSERCONTENT;
pageProps.isPasswordProtected = false;
pageProps.trafficType=reger.Vars.TRAFFICTYPEMARKETINGSITEMISC;
pageProps.pathToAppRoot="../";
pageProps.marketingSiteSection = pageProps.MARKETINGSITESECTIONCOMMUNITY;
/*----------------------------------------------------*/
%>

<%@ include file="../globalheader.jsp" %>



<%
/*----------------------------------------------------*/
/*                  Main Body                         */
        StringBuffer mb = new StringBuffer();
/*----------------------------------------------------*/

if (1==1){
    response.sendRedirect("community-sites.log");
    return;
}

//HtmlCache
String cachekey = "CommunityPage" + " URL:" + reger.cache.HtmlCache.getKeyFromRequest(request); //Anything unique for the page
int refreshintervalinseconds = 3600;
%><%@ include file="../htmlcachestart.jsp" %><%


    String currentNavButtonName = "community-main";
    %><%@ include file="community-header.jsp" %><%

    mb.append("<br>");
    mb.append("<br>");
    mb.append("Welcome!");




    %><%@ include file="community-footer.jsp" %><%

//HtmlCache
%><%@ include file="../htmlcacheend.jsp" %><%

%>

<%
/*----------------------------------------------------*/
/*                  Side Column                       */
        StringBuffer sc = new StringBuffer();
/*----------------------------------------------------*/
%>


<%@ include file="../globalfooter.jsp" %>

