<%@ page import="reger.core.db.Db,
                 reger.search.SearchUIFlowAdvSearch"%>
<%
/*----------------------------------------------------*/
/*                  Page Config                       */
reger.pageFramework.PageProps pageProps = new reger.pageFramework.PageProps();
pageProps.siteSection=pageProps.MARKETINGSITE;
pageProps.title = "Discussion Forum";
pageProps.navButtonName = "aboutcommunity-discuss";
pageProps.isPasswordProtected = false;
pageProps.trafficType=reger.Vars.TRAFFICTYPEMARKETINGSITEMISC;
pageProps.pathToAppRoot="../";
pageProps.marketingSiteSection = pageProps.MARKETINGSITESECTIONCOMMUNITY;
/*----------------------------------------------------*/
%>

<%@ include file="../globalheader.jsp" %>



<%
/*----------------------------------------------------*/
/*                  Main Body                         */
        StringBuffer mb = new StringBuffer();
/*----------------------------------------------------*/


    mb.append("Below is our discussion forum where our users post support questions and general comments. If you would like to view the forum without an iframe, <a href='http://www.reger.com/jforum'> click here</a>.");
    mb.append("<br>");
    mb.append("<br>");
    mb.append("<iframe src=\"http://www.reger.com/jforum/\" name=\"forum\" width=100% height=1000></iframe>");





%>

<%
/*----------------------------------------------------*/
/*                  Side Column                       */
        StringBuffer sc = new StringBuffer();
/*----------------------------------------------------*/
%>


<%@ include file="../globalfooter.jsp" %>

