
<%
/*----------------------------------------------------*/
/*                  Page Config                       */
reger.pageFramework.PageProps pageProps = new reger.pageFramework.PageProps();
pageProps.siteSection=pageProps.MARKETINGSITE;
pageProps.isPasswordProtected = false;
pageProps.trafficType=reger.Vars.TRAFFICTYPEMARKETINGSITEMISC;
pageProps.pathToAppRoot="../";
pageProps.marketingSiteSection = pageProps.MARKETINGSITESECTIONSIGNUP;
/*----------------------------------------------------*/
%>

<%@ include file="../globalheader.jsp" %>







<%
/*----------------------------------------------------*/
/*                  Main Body                         */
        StringBuffer mb = new StringBuffer();
/*----------------------------------------------------*/
if (1==1){
    response.sendRedirect("signup2.log");
    return;
}



%>

<%
/*----------------------------------------------------*/
/*                  Side Column                       */
        //StringBuffer sc = new StringBuffer();
/*----------------------------------------------------*/
%>


<%//@ include file="../globalfooter.jsp" %>