<%@ page import="reger.core.db.Db,
                 reger.core.Util,
                 reger.core.db.Db,
                 reger.core.Util"%>
<%
/*----------------------------------------------------*/
/*                  Page Config                       */
reger.pageFramework.PageProps pageProps = new reger.pageFramework.PageProps();
pageProps.siteSection=pageProps.MARKETINGSITE;
pageProps.title = "Terms of Service";
pageProps.navButtonName = "aboutindex";
pageProps.isPasswordProtected = false;
pageProps.trafficType=reger.Vars.TRAFFICTYPEMARKETINGSITEMISC;
pageProps.pathToAppRoot="../";
pageProps.marketingSiteSection = pageProps.MARKETINGSITESECTIONHOME;
/*----------------------------------------------------*/
%>

<%@ include file="../globalheader.jsp" %>



<%
/*----------------------------------------------------*/
/*                  Main Body                         */
        StringBuffer mb = new StringBuffer();
/*----------------------------------------------------*/


mb.append("<br><p align=right>");
mb.append("<font face=arial size=+3>");
mb.append(userSession.getPl().getTermsofuselinktext());
mb.append("</font>");
mb.append("</p>");


mb.append("<font face=arial size=-1>");
mb.append(userSession.getPl().getTermsofservice().replaceAll( reger.Vars.CARRIAGERETURN + reger.Vars.LINEBREAK, "<br>"));
mb.append("</font>");





//mb.append("<center>");
//mb.append("<form action='' method=post>");
//mb.append("<textarea cols='70' rows='40' name='termsofservice' style=\"font-size: 14px;font-face: arial;\" disabled=\"true\">"+Util.cleanForHtml(userSession.getPl().getTermsofservice())+"</textarea>");
//mb.append("</form>");
//mb.append("</center>");

%>

<%
/*----------------------------------------------------*/
/*                  Side Column                       */
        StringBuffer sc = new StringBuffer();
/*----------------------------------------------------*/

%>


<%@ include file="../globalfooter.jsp" %>

