<%
/*----------------------------------------------------*/
/*                  Page Config                       */
reger.pageFramework.PageProps pageProps = new reger.pageFramework.PageProps();
pageProps.siteSection=pageProps.MARKETINGSITE;
pageProps.title = "Custom Data Graphs";
pageProps.isPasswordProtected = false;
pageProps.trafficType=reger.Vars.TRAFFICTYPEMARKETINGSITEMISC;
pageProps.pathToAppRoot="../";
pageProps.marketingSiteSection = pageProps.MARKETINGSITESECTIONMOREINFO;
/*----------------------------------------------------*/
%>

<%@ include file="../globalheader.jsp" %>




<%
/*----------------------------------------------------*/
/*                  Main Body                         */
        StringBuffer mb = new StringBuffer();
/*----------------------------------------------------*/


mb.append(reger.core.Util.popup());
mb.append(reger.marketingSite.Biz.getCss());

String currentNavButtonName = "moreinfo-whatisdatablogging";
%><%@ include file="moreinfo-header.jsp" %><%

mb.append("<br><br>");
mb.append("<blockquote>");

mb.append("<br clear=all>");
mb.append("<h1>Graph Custom Data Fields</h1>");
mb.append("Once you add a custom data field to a log you can immediately create custom graphs using it.");

mb.append("<br clear=all>");
mb.append("<br clear=all>");
mb.append(reger.marketingSite.TourHtml.screenShotBizWithDescription("graph.gif", "left", "", ""));

%><%@ include file="what-is-datablogging-footer.jsp" %><%

mb.append("</blockquote>");

%><%@ include file="moreinfo-footer.jsp" %><%

%>

<%
/*----------------------------------------------------*/
/*                  Side Column                       */
        StringBuffer sc = new StringBuffer();
/*----------------------------------------------------*/


sc.append(reger.marketingSite.Biz.leftNav(pageProps.pathToAppRoot));

%>


<%@ include file="../globalfooter.jsp" %>

