<%
/*----------------------------------------------------*/
/*                  Page Config                       */
reger.pageFramework.PageProps pageProps = new reger.pageFramework.PageProps();
pageProps.siteSection=pageProps.MARKETINGSITE;
pageProps.title = "Data Mining";
pageProps.navButtonName = "aboutwhatisdatablogging-search";
pageProps.isPasswordProtected = false;
pageProps.trafficType=reger.Vars.TRAFFICTYPEMARKETINGSITEMISC;
pageProps.pathToAppRoot="../";
pageProps.marketingSiteSection = pageProps.MARKETINGSITESECTIONMOREINFO;
/*----------------------------------------------------*/
%>

<%@ include file="../globalheader.jsp" %>




<%
/*----------------------------------------------------*/
/*                  Main Body                         */
        StringBuffer mb = new StringBuffer();
/*----------------------------------------------------*/


mb.append(reger.core.Util.popup());
mb.append(reger.marketingSite.Biz.getCss());



mb.append("<blockquote>");

mb.append("<br clear=all>");
mb.append("<h1>Mine entries Based on Data Criteria</h1>");
mb.append("You can build powerful data queries to locate entries that fulfill certain criteria.");

mb.append("<br clear=all>");
mb.append("<br clear=all>");
mb.append(reger.marketingSite.TourHtml.screenShotBizWithDescription("advsearch.gif", "left", "", ""));

%><%@ include file="what-is-datablogging-footer.jsp" %><%

mb.append("</blockquote>");



%>

<%
/*----------------------------------------------------*/
/*                  Side Column                       */
        StringBuffer sc = new StringBuffer();
/*----------------------------------------------------*/


%>


<%@ include file="../globalfooter.jsp" %>

