
<%@ page import="java.util.*,
                 reger.core.Util,
                 reger.core.db.Db" %>

<%
/*----------------------------------------------------*/
/*                  Page Config                       */
reger.pageFramework.PageProps pageProps = new reger.pageFramework.PageProps();
pageProps.siteSection=pageProps.MASTERADMINSITE;
pageProps.title = "Defaults";
pageProps.isPasswordProtected = true;
pageProps.navButtonName = "loedefaultsmain";
pageProps.aclObjectName = "MASTERADMIN";
pageProps.pathToAppRoot="../";
/*----------------------------------------------------*/
%>

<%@ include file="../globalheader.jsp" %>

<%
/*----------------------------------------------------*/
/*                  Main Body                         */
        StringBuffer mb = new StringBuffer();
/*----------------------------------------------------*/

mb.append("<font face=arial size=+2 color=#cccccc>The settings in this tab help by setting up defaults for all users.</font>");


/*----------------------------------------------------*/
/*                  Side Column                       */
    StringBuffer sc = new StringBuffer();
/*----------------------------------------------------*/
%>



<%@ include file="../globalfooter.jsp" %>
