
<%@ page import="java.util.*" %>
<%@ page import="java.io.*" %>

<%
/*----------------------------------------------------*/
/*                  Page Config                       */
reger.pageFramework.PageProps pageProps = new reger.pageFramework.PageProps();
pageProps.siteSection=pageProps.MASTERADMINSITE;
pageProps.title = "Howto";
pageProps.isPasswordProtected = true;
pageProps.navButtonName = "loehowto";
pageProps.aclObjectName = "MASTERADMIN";
pageProps.pathToAppRoot="../";
/*----------------------------------------------------*/
%>

<%@ include file="../globalheader.jsp" %>

<%
/*----------------------------------------------------*/
/*                  Main Body                         */
    StringBuffer mb = new StringBuffer();
/*----------------------------------------------------*/



mb.append("<pre>");
mb.append(reger.core.Util.textFileRead(reger.core.WebAppRootDir.getWebAppRootPath() + "loe/howto.txt"));
mb.append("</pre>");










mb.append("<br>");
mb.append("<br>");
mb.append("<br>");
mb.append("<br>");


%>


<%
/*----------------------------------------------------*/
/*                  Side Column                       */
    StringBuffer sc = new StringBuffer();
/*----------------------------------------------------*/

    //sc.append("This is a ");
    //sc.append("side column section.");
%>


<%@ include file="../globalfooter.jsp" %>







