
<%@ page import="java.util.*,
                 reger.core.Util,
                 reger.core.db.Db" %>

<%
/*----------------------------------------------------*/
/*                  Page Config                       */
reger.pageFramework.PageProps pageProps = new reger.pageFramework.PageProps();
pageProps.siteSection=pageProps.MASTERADMINSITE;
pageProps.title = "Private Labels";
pageProps.isPasswordProtected = true;
pageProps.navButtonName = "loepladmin";
pageProps.aclObjectName = "MASTERADMIN";
pageProps.pathToAppRoot="../";
/*----------------------------------------------------*/
%>

<%@ include file="../globalheader.jsp" %>

<%
/*----------------------------------------------------*/
/*                  Main Body                         */
        StringBuffer mb = new StringBuffer();
/*----------------------------------------------------*/


/*----------------------------------------------------*/
/*                  Side Column                       */
    StringBuffer sc = new StringBuffer();
/*----------------------------------------------------*/
%>

<%@ include file="plmanage-rightside.jsp" %>


<%@ include file="../globalfooter.jsp" %>
