<%
/*----------------------------------------------------*/
/*                  Page Config                       */
reger.pageFramework.PageProps pageProps = new reger.pageFramework.PageProps();
pageProps.siteSection=pageProps.PUBLICSITE;
pageProps.isPasswordProtected = false;
pageProps.adminSection = "LOGIN";
pageProps.trafficType=reger.Vars.TRAFFICTYPEPUBLICMISC;
pageProps.pathToAppRoot="";
/*----------------------------------------------------*/
%>

<%@ include file="globalheader.jsp" %>

<%
/*----------------------------------------------------*/
/*                  Main Body                         */
        StringBuffer mb = new StringBuffer();
/*----------------------------------------------------*/
%>
<%

mb.append(reger.InfoBox.get(reger.InfoBox.BOXTYPEINFO, pageProps.pathToAppRoot, "These are the sites and logs that you have been granted permission to access."));



mb.append(userSession.getAccountuser().thingsUserCanAccessHtml(request.isSecure(), userSession));

%>
<%
/*----------------------------------------------------*/
/*                  Side Column                       */
        StringBuffer sc = new StringBuffer();
/*----------------------------------------------------*/

//sc.append("This is a ");

%>

<%@ include file="globalfooter.jsp" %>

