<%@ page import="reger.SideColumn"%>

<%
/*----------------------------------------------------*/
/*                  Page Config                       */
reger.pageFramework.PageProps pageProps = new reger.pageFramework.PageProps();
pageProps.siteSection=pageProps.PUBLICSITE;
pageProps.isPasswordProtected = false;
pageProps.trafficType=reger.Vars.TRAFFICTYPEPUBLICMISC;
pageProps.pathToAppRoot="";
/*----------------------------------------------------*/
%>

<%@ include file="globalheader.jsp" %>

<%
/*----------------------------------------------------*/
/*                  Main Body                         */
        StringBuffer mb = new StringBuffer();
/*----------------------------------------------------*/

//Calendar
mb.append(reger.CalendarHtml.smallcalendar(reger.Vars.CALENDARTYPEEMPTYEVENTLINKS, request.getParameter("viewmonth"), -1, "calendar.log", userSession));


//Get a list of entries
//mb.append(reger.htmlListEvents.getList(userSession, reger.core.Util.getCurrentPage(request.getParameter("logid")), request.getParameter("searchterms"), reger.core.Util.getCurrentPage(request.getParameter("currentpage")),request.getParameter("viewdate"), request.getParameter("viewmonth"), "index.log", -1, true, request));

%>

<%
/*----------------------------------------------------*/
/*                  Side Column                       */
        StringBuffer sc = new StringBuffer();
/*----------------------------------------------------*/


%>

<%@ include file="globalfooter.jsp" %>

