<%@ page import="reger.logProps"%>
<%
/*----------------------------------------------------*/
/*                  Page Config                       */
reger.pageFramework.PageProps pageProps = new reger.pageFramework.PageProps();
pageProps.siteSection=pageProps.PUBLICSITE;
pageProps.isPasswordProtected = false;
pageProps.isLogidRequired=true;
pageProps.isEventidRequired=true;
pageProps.trafficType=reger.Vars.TRAFFICTYPEPUBLICENTRYDETAIL;
pageProps.pathToAppRoot="";
/*----------------------------------------------------*/
%>

<%@ include file="globalheader.jsp" %>

<%
/*----------------------------------------------------*/
/*                  Main Body                         */
        StringBuffer mb = new StringBuffer();
/*----------------------------------------------------*/

//Instantiate the entry object
//pageProps.entry.populate(userSession.getAccountuser(), userSession.getAccount(), userSession.getPl(), pageProps.logProps.logid, request);



int tmpEventid = 0;
if (request.getParameter("eventid")!=null && reger.core.Util.isinteger(request.getParameter("eventid"))) {
    tmpEventid=Integer.parseInt(request.getParameter("eventid"));
}
pageProps.entry = reger.cache.EntryCache.get(tmpEventid);
//pageProps.entry.getEntryAll(tmpEventid);

//Hide draft and unapproved entries
if (pageProps.entry.isDraft==1 || pageProps.entry.isApproved==0){
    response.sendRedirect("index.log");
    return;
}

//Start the page
//Determine which mode to display the page
boolean displayasadmin=false;

//Append the top of the form
mb.append(reger.MegaHtmlFormTop.getHtml(userSession, pageProps, displayasadmin, request, userSession.getAccount().getTimezoneid()));
//Append the center of the page
mb.append(reger.MegaHtmlFormCenter.getHtml(userSession, pageProps, displayasadmin, request));
//Append the bottom of the form
mb.append(reger.MegaHtmlFormBottom.getHtml(userSession, pageProps, displayasadmin, request, response));

%>

<%
/*----------------------------------------------------*/
/*                  Side Column                       */
        StringBuffer sc = new StringBuffer();
/*----------------------------------------------------*/




%>

<%@ include file="globalfooter.jsp" %>

