<%
//Set the content type.
response.setContentType("text/xml");
%><%
/*----------------------------------------------------*/
/*                  Page Config                       */
reger.pageFramework.PageProps pageProps = new reger.pageFramework.PageProps();
pageProps.siteSection=pageProps.PUBLICSITE;
pageProps.isPasswordProtected = false;
pageProps.trafficType=reger.Vars.TRAFFICTYPERSSFEED;
/*----------------------------------------------------*/
%><%@ include file="globalheader.jsp" %><%

int eventtypeid=0;
if (request.getParameter("eventtypeid")!=null && reger.core.Util.isinteger(request.getParameter("eventtypeid"))){
    eventtypeid = Integer.parseInt(request.getParameter("eventtypeid"));
}


try {
    response.setContentType("text/xml");
    out.print(reger.MegaLogTypeXmlSchemaRenderer.getSchema(reger.AllMegaLogTypesInSystem.getMegaLogTypeByEventtypeid(eventtypeid)).replaceAll("XXXxmlns", "xmlns"));
} catch (Throwable e) {
    Debug.errorsave(e, "");
}



%><%
/*----------------------------------------------------*/
/*                  Main Body                         */
        StringBuffer mb = new StringBuffer();
/*----------------------------------------------------*/


%><%
/*----------------------------------------------------*/
/*                  Side Column                       */
        StringBuffer sc = new StringBuffer();
/*----------------------------------------------------*/

%><%//@ include file="globalfooter.jsp" %>