<%
/*----------------------------------------------------*/
/*                  Page Config                       */
reger.pageFramework.PageProps pageProps = new reger.pageFramework.PageProps();
pageProps.siteSection=pageProps.PUBLICSITE;
pageProps.isPasswordProtected = false;
pageProps.adminSection = "Permission Denied";
pageProps.trafficType=reger.Vars.TRAFFICTYPEPUBLICMISC;
pageProps.pathToAppRoot="";
/*----------------------------------------------------*/
%>

<%@ include file="../globalheader.jsp" %>

<%
/*----------------------------------------------------*/
/*                  Main Body                         */
        StringBuffer mb = new StringBuffer();
/*----------------------------------------------------*/


mb.append("<font face=arial size=+1>");
mb.append("Sorry, it doesn't appear that you have permission to view that resource.");
mb.append("</font>");


%>


<%
/*----------------------------------------------------*/
/*                  Side Column                       */
        StringBuffer sc = new StringBuffer();
/*----------------------------------------------------*/

//sc.append("This is a ");

%>

<%@ include file="../globalfooter.jsp" %>

