<%
//Set the content type.
response.setContentType("text/xml");
%><%
/*----------------------------------------------------*/
/*                  Page Config                       */
reger.pageFramework.PageProps pageProps = new reger.pageFramework.PageProps();
pageProps.siteSection=pageProps.PUBLICSITE;
pageProps.isPasswordProtected = false;
pageProps.trafficType=reger.Vars.TRAFFICTYPERSSFEED;
/*----------------------------------------------------*/
%><%@ include file="globalheader.jsp" %><%





String type = "rss_2.0";
if (request.getParameter("type")!=null){
    type = request.getParameter("type");    
}


//XML Page doesn't use template engines or page footer
StringBuffer output = new StringBuffer();
output = reger.api.RssRome.getFeed(userSession, pageProps.logProps.logid, 15, type, request.getParameter("password"), 0);
//Output to user
out.print(output);


//---------------------------------------------------------------
//Record traffic.  Use pageProps.trafficType
boolean isSuperCookieOn = false;
if (userSession.getAccount()!=null){
    isSuperCookieOn=reger.core.Util.isSupercookieOn(request, userSession.getAccount().getAccountid());
}
//Get logid
int thisLogid = pageProps.logProps.logid;
//Accountid
int tmpAccountid=0;
if (userSession.getAccount()!=null){
    tmpAccountid = userSession.getAccount().getAccountid();
}
//Bandwidth
int bandwidth = output.length();
//Put into cache
try{
    reger.TrafficHit trafficHit = new reger.TrafficHit(request, pageProps.logProps.logid, tmpAccountid, pageProps.trafficType, userSession.getPl().getPlid(), userSession.getAccount().getSiteRootUrl(userSession), bandwidth, isSuperCookieOn);
    reger.cache.html.TrafficHitCache.addTrafficHit(trafficHit);
} catch (Exception e){
    Debug.errorsave(e, "", "globalfooter.jsp");
}
//End record traffic
//----------------------------------------------------------------

%><%
/*----------------------------------------------------*/
/*                  Main Body                         */
        StringBuffer mb = new StringBuffer();
/*----------------------------------------------------*/


%><%
/*----------------------------------------------------*/
/*                  Side Column                       */
        StringBuffer sc = new StringBuffer();
/*----------------------------------------------------*/

%><%//@ include file="globalfooter.jsp" %>