<%
/*----------------------------------------------------*/
/*                  Page Config                       */
reger.pageFramework.PageProps pageProps = new reger.pageFramework.PageProps();
pageProps.siteSection=pageProps.PUBLICSITE;
pageProps.isPasswordProtected = false;
pageProps.isLogidRequired=false;
pageProps.isEventidRequired=false;
pageProps.trafficType=reger.Vars.TRAFFICTYPEPUBLICMISC;
pageProps.pathToAppRoot="";
/*----------------------------------------------------*/
%>

<%@ include file="globalheader.jsp" %>

<%
/*----------------------------------------------------*/
/*                  Main Body                         */
        StringBuffer mb = new StringBuffer();
/*----------------------------------------------------*/
%>
<%@ include file="rssfeeds.jsp" %>


<%
/*----------------------------------------------------*/
/*                  Side Column                       */
        StringBuffer sc = new StringBuffer();
/*----------------------------------------------------*/

//sc.append(reger.SideColumn.favorites(pageProps.logProps.logid, pageProps.logProps.megalogname));

%>

<%@ include file="globalfooter.jsp" %>

