
<%@ page import="java.util.*,
                 reger.core.Util,
                 reger.core.db.Db,
                 reger.PrivateLabel" %>

<%
/*----------------------------------------------------*/
/*                  Page Config                       */
reger.pageFramework.PageProps pageProps = new reger.pageFramework.PageProps();
pageProps.siteSection=pageProps.PLADMINSITE;
pageProps.title = "";
pageProps.isPasswordProtected = true;
pageProps.navButtonName = "plmoderationmain";
//Note: see pladminheader.jsp for explanation on why aclObjectName="ADMINHOME" and not "PLADMIN"
pageProps.aclObjectName = "ADMINHOME";
pageProps.pathToAppRoot="../";
/*----------------------------------------------------*/
%>

<%@ include file="../globalheader.jsp" %>

<%
/*----------------------------------------------------*/
/*                  Main Body                         */
        StringBuffer mb = new StringBuffer();
/*----------------------------------------------------*/


%>
<%@ include file="pladminheader.jsp" %>
<%




mb.append("<br><br>");
mb.append("<font face=arial size=+2 color=#cccccc>");
mb.append("This set of screens allows you to monitor things that require approval.  Choose one of the three tabs to see these items.  Configure moderation settings <a href='plmanage.log?plid="+plid+"'>here</a>.");
mb.append("</font>");
mb.append("<br><br>");









/*----------------------------------------------------*/
/*                  Side Column                       */
    StringBuffer sc = new StringBuffer();
/*----------------------------------------------------*/
%>



<%@ include file="../globalfooter.jsp" %>
