<%@ page import="reger.core.db.Db, java.util.Hashtable,
                 reger.core.licensing.License,
                 reger.core.licensing.RegerLicensingApiClient"%>
<%
/*----------------------------------------------------*/
/*                  Page Config                       */
reger.pageFramework.PageProps pageProps = new reger.pageFramework.PageProps();
pageProps.siteSection=pageProps.ADMINSITE;
pageProps.title = "Account Cancel";
pageProps.isPasswordProtected = true;
pageProps.navButtonName = "settingsacctstatus";
pageProps.aclObjectName = "ADMINHOME";
pageProps.trafficType=reger.Vars.TRAFFICTYPEADMINMISC;
pageProps.pathToAppRoot="../";
/*----------------------------------------------------*/
%>

<%@ include file="../globalheader.jsp" %>

<%
/*----------------------------------------------------*/
/*                  Main Body                         */
        StringBuffer mb = new StringBuffer();
/*----------------------------------------------------*/


String infoboxmessage="";
int infoboxtype=0;
if (pageProps.action.equals("submit")) {

    //Cancel the license remotely
	License lic = userSession.getAccount().getLicense();
	Hashtable result = RegerLicensingApiClient.cancelLicense(lic.getEncryptedLicense());

	if (result.containsKey("successful") && String.valueOf(result.get("successful")).equals("true")){
	    //reger.UserSession userSession;
	    //Cancel the license locally
	    userSession.getAccount().cancelLicense();

	    //Set to an expired license
	    userSession.getAccount().generateSimpleLicenseWithExpirationDate(reger.core.TimeUtils.nowInGmtCalendar());

	    //Refresh the account
	    userSession.getAccount().refresh();


	    infoboxtype = reger.InfoBox.BOXTYPECOMPLETE;
	    infoboxmessage = "License canceled.";
    } else {
        infoboxtype = reger.InfoBox.BOXTYPEERROR;
	    infoboxmessage = "There was an error canceling your license.  Please try again or contact the system administrator.  We apologize for the inconvenience.<br>" + String.valueOf(result.get("error"));
    }

}


if (infoboxtype!=0) {
	mb.append(reger.InfoBox.get(infoboxtype, pageProps.pathToAppRoot, infoboxmessage));
	mb.append("<br>");
	mb.append("Click <a href='accountstatus.log'>here</a> for your account screen.");

} else {

    mb.append("<center>");
    mb.append("<!-- Body Table Start -->");
    mb.append("<!-- Left Main Body Begin -->");
    mb.append("<form action=accountcancel.log method=post>");
    mb.append("<input type=hidden name=action value=submit>");
    mb.append("<table cellpadding=3 spacing=0 border=0>");

    mb.append("<tr>");
    mb.append("<td valign=top align=center colspan=2 bgcolor=#ffffff>");
    mb.append("<font face=arial size=+1>Are you sure you want to cancel your account?</font>");
    mb.append("<br><br>");
    mb.append("<input type='submit' value='Yes, Cancel My Account'>");
    mb.append("</td>");
    mb.append("</tr>");

    mb.append("</table>");
    mb.append("</form>");
    mb.append("</center>");

}

mb.append("<br><br>");

%>

<%
/*----------------------------------------------------*/
/*                  Side Column                       */
        StringBuffer sc = new StringBuffer();
/*----------------------------------------------------*/

//sc.append("This is a ");
//sc.append("side column section.");
%>


<%@ include file="../globalfooter.jsp" %>
