<%@ page import="reger.core.Util,
                 reger.core.db.Db"%>
<%
/*----------------------------------------------------*/
/*                  Page Config                       */
reger.pageFramework.PageProps pageProps = new reger.pageFramework.PageProps();
pageProps.siteSection=pageProps.ADMINSITE;
pageProps.title = "Add a New Episode";
pageProps.isPasswordProtected = true;
pageProps.navButtonName = "episodesnew";
pageProps.aclObjectName = "ADDEDITENTRIES";
pageProps.trafficType=reger.Vars.TRAFFICTYPEADMINMISC;
pageProps.pathToAppRoot="../";
pageProps.helpText="Episodes are collections of entries.";
/*----------------------------------------------------*/
%>

<%@ include file="../globalheader.jsp" %>

<%
/*----------------------------------------------------*/
/*                  Main Body                         */
        StringBuffer mb = new StringBuffer();
/*----------------------------------------------------*/


mb.append("<br><br>");
mb.append("<font face=arial size=-1>");

mb.append("<blockquote>");
mb.append("<ol>");
mb.append("<li>");
mb.append("Create an entry.");
mb.append("</li>");
mb.append("<li>");
mb.append("At the bottom of the entry page you'll see a field for Episodes.");
mb.append("</li>");
mb.append("<li>");
mb.append("Type a name and description for your episode.");
mb.append("</li>");
mb.append("<li>");
mb.append("Save the entry.  Your episode now has a single entry associated with it.");
mb.append("</li>");
mb.append("<li>");
mb.append("Create more entries.  Now, instead of typing a new episode name, you can choose the episode from a list of all episodes.");
mb.append("</li>");
mb.append("<li>");
mb.append("Rinse.  Repeat.");
mb.append("</li>");
mb.append("</ol>");

mb.append("In this way you can tie new entries as well as old entries to episodes.");
mb.append("</blockquote>");
mb.append("</font>");

%>

<%
/*----------------------------------------------------*/
/*                  Side Column                       */
    StringBuffer sc = new StringBuffer();
/*----------------------------------------------------*/

//sc.append("This is a ");
//sc.append("side column section.");
%>


<%@ include file="../globalfooter.jsp" %>
