<%@ page import="reger.core.db.Db,
                 org.apache.xmlrpc.XmlRpcClient,
                 java.util.Vector,
                 java.util.Hashtable,
                 reger.core.db.Db"%>
<%@ page import="reger.groups.GroupMembership"%>
<%@ page import="reger.groups.Group"%>
<%@ page import="reger.core.ValidationException"%>
<%
/*----------------------------------------------------*/
/*                  Page Config                       */
reger.pageFramework.PageProps pageProps = new reger.pageFramework.PageProps();
pageProps.siteSection=pageProps.ADMINSITE;
pageProps.title = "Group";
pageProps.isPasswordProtected = true;
pageProps.navButtonName = "groups";
pageProps.aclObjectName = "MANAGEGROUPS";
pageProps.trafficType=reger.Vars.TRAFFICTYPEADMINMISC;
pageProps.pathToAppRoot="../";
/*----------------------------------------------------*/
%>

<%@ include file="../globalheader.jsp" %>

<%

/*----------------------------------------------------*/
/*                  Main Body                         */
        StringBuffer mb = new StringBuffer();
/*----------------------------------------------------*/


GroupMembership groupMembership = null;
if(request.getParameter("groupmembershipid")!=null && reger.core.Util.isinteger(request.getParameter("groupmembershipid"))){
    groupMembership = new GroupMembership(Integer.parseInt(request.getParameter("groupmembershipid")));
}

if (groupMembership==null || groupMembership.getAccountuserid()!=userSession.getAccountuser().getAccountuserid()){
    response.sendRedirect("groups.log");
    return;
}

Group group = new Group(groupMembership.getGroupid());



if (pageProps.action.equals("deletemembership")){
    groupMembership.delete();    
    mb.append(reger.InfoBox.get(reger.InfoBox.BOXTYPECOMPLETE, pageProps.pathToAppRoot, "Success!  Your membership has been deleted.<br><br>Click <a href='groups.log'>here</a> to continue."));
} else {
    mb.append(reger.InfoBox.get(reger.InfoBox.BOXTYPEINFO, pageProps.pathToAppRoot, "Are you sure you want to leave the group '"+group.getName()+"'?<br><br><a href='groups-leavegroup.log?action=deletemembership&groupmembershipid="+groupMembership.getGroupmembershipid()+"'>Yes, I Want to Leave the Group</a>"));
}

 







%>

<%
/*----------------------------------------------------*/
/*                  Side Column                       */
    StringBuffer sc = new StringBuffer();
/*----------------------------------------------------*/

//sc.append("This is a ");
//sc.append("side column section.");
%>


<%@ include file="../globalfooter.jsp" %>
