<%
/*----------------------------------------------------*/
/*                  Page Config                       */
reger.pageFramework.PageProps pageProps = new reger.pageFramework.PageProps();
pageProps.siteSection=pageProps.ADMINSITE;
pageProps.title = "Create a New Log";
pageProps.isPasswordProtected = true;
pageProps.navButtonName = "logsnewlog";
pageProps.aclObjectName = "NEWLOG";
pageProps.trafficType=reger.Vars.TRAFFICTYPEADMINMISC;
pageProps.pathToAppRoot="../";
/*----------------------------------------------------*/
%>

<%@ include file="../globalheader.jsp" %>

<%
/*----------------------------------------------------*/
/*                  Main Body                         */
        StringBuffer mb = new StringBuffer();
/*----------------------------------------------------*/


//HtmlCache
String cachekey = "MyhomeNewlog" + " PLID:" + userSession.getPl().getPlid() +  " URL:" + reger.cache.html.HtmlCache.getKeyFromRequest(request, false); //Anything unique for the page
int refreshintervalinseconds = 600;
%><%@ include file="../htmlcachestart.jsp" %><%

reger.MegaLogType logType = null;
if (request.getParameter("eventtypeid")!=null && reger.core.Util.isinteger(request.getParameter("eventtypeid"))){
    logType = reger.AllMegaLogTypesInSystem.getMegaLogTypeByEventtypeid(Integer.parseInt(request.getParameter("eventtypeid")));
} else {
    response.sendRedirect("logs-newlog.log");
    return;
}

int logtypedetailtoshow = reger.MegaLogTypeHtmlrender.LOGTYPEDETAILTOSHOWENTRYPAGE;
if (request.getParameter("logtypedetailtoshow")!=null && reger.core.Util.isinteger(request.getParameter("logtypedetailtoshow"))){
    logtypedetailtoshow = Integer.parseInt(request.getParameter("logtypedetailtoshow"));
}

mb.append(reger.MegaLogTypeHtmlrender.getSummary(logType, logtypedetailtoshow, "logs-newlog.log", "logs-newlog-detail.log", request, response, userSession, pageProps));

%><%@ include file="../htmlcacheend.jsp" %><%





%>

<%
/*----------------------------------------------------*/
/*                  Side Column                       */
    StringBuffer sc = new StringBuffer();
/*----------------------------------------------------*/

//sc.append("This is a ");
//sc.append("side column section.");
%>


<%@ include file="../globalfooter.jsp" %>
