<%@ page import="reger.core.db.Db,
                 reger.core.Util,
                 reger.nestednav.NestedNavItem,
                 reger.nestednav.NestedNavCollection"%>
<%
/*----------------------------------------------------*/
/*                  Page Config                       */
reger.pageFramework.PageProps pageProps = new reger.pageFramework.PageProps();
pageProps.siteSection=pageProps.ADMINSITE;
pageProps.title = "Your Logs and Pages";
pageProps.isPasswordProtected = true;
pageProps.navButtonName = "logsyourlogs";
pageProps.aclObjectName = "CUSTOMIZELOG";
pageProps.trafficType=reger.Vars.TRAFFICTYPEADMINMISC;
pageProps.pathToAppRoot="../";
//pageProps.isLogidRequired=true;
/*----------------------------------------------------*/
%>

<%@ include file="../globalheader.jsp" %>

<%
/*----------------------------------------------------*/
/*                  Main Body                         */
    StringBuffer mb = new StringBuffer();
/*----------------------------------------------------*/


//Log Header start
String currentNavButtonName = "";
%>
<%@ include file="logs-header.jsp" %>
<%
//Log Header end

mb.append("<br><br>");

mb.append("<div class=\"row\">");
mb.append("<div class=\"span6\">");

reger.nestednav.NestedNavDisplayLayoutManager navMgrDisplay = new reger.nestednav.NestedNavDisplayLayoutManager();
mb.append(navMgrDisplay.outputNavBarHtml(userSession.getAccount().getNestedNavCollection(), userSession, request));
mb.append("</div>");


mb.append("<div class=\"span2\">");
    mb.append("&nbsp;");
mb.append("</div>");


mb.append("<div class=\"span4\">");
mb.append("<a class=\"btn btn-primary btn-small\" href='logs-newlog.log'><i class=\"icon-plus-sign icon-white\"></i> Create a New Log</a>");
mb.append("<br/><br/>");
mb.append("<a class=\"btn btn-primary btn-small\" href='logs-contentpage-edit.log'><i class=\"icon-plus-sign icon-white\"></i> Create a New Page</a><br/>");

mb.append("</div>");
mb.append("</div>");
mb.append("<br><br><br><br><br>");



//Log Footer start
%>
<%@ include file="logs-footer.jsp" %>
<%
//Log Footer end




%>

<%
/*----------------------------------------------------*/
/*                  Side Column                       */
    StringBuffer sc = new StringBuffer();
/*----------------------------------------------------*/
//sc.append("This is a ");
//sc.append("side column section.");

%>


<%@ include file="../globalfooter.jsp" %>
