<%@ page import="reger.core.Util"%>
<%
/*----------------------------------------------------*/
/*                  Page Config                       */
reger.pageFramework.PageProps pageProps = new reger.pageFramework.PageProps();
pageProps.siteSection=pageProps.ADMINSITE;
pageProps.title = "We're Sorry.  Permission Denied.";
pageProps.isPasswordProtected = true;
pageProps.navButtonName = "adminhome";
pageProps.aclObjectName = "ADMINHOME";
pageProps.trafficType=reger.Vars.TRAFFICTYPEADMINMISC;
pageProps.pathToAppRoot="../";
/*----------------------------------------------------*/
%>

<%@ include file="../globalheader.jsp" %>

<%
/*----------------------------------------------------*/
/*                  Main Body                         */
        StringBuffer mb = new StringBuffer();
/*----------------------------------------------------*/

//@todo Pretty up the Permission denied page.  Rejection hurts.  Graphics help.
mb.append("<font face=arial size=-1>");
mb.append("Your account does not have permission to access this page.  Please contact your account owner if you feel that this message is in error.");
mb.append("</font>");
%>

<%
/*----------------------------------------------------*/
/*                  Side Column                       */
    StringBuffer sc = new StringBuffer();
/*----------------------------------------------------*/

//sc.append("This is a ");
//sc.append("side column section.");
%>


<%@ include file="../globalfooter.jsp" %>
