<%@ page import="reger.core.db.Db,
                 reger.template.Template,
                 reger.Log,
                 reger.core.db.Db"%>
<%
/*----------------------------------------------------*/
/*                  Page Config                       */
reger.pageFramework.PageProps pageProps = new reger.pageFramework.PageProps();
pageProps.siteSection=pageProps.ADMINSITE;
pageProps.title = "Simple One-click Templates";
pageProps.isPasswordProtected = true;
pageProps.navButtonName = "settingstemplateoneclick";
pageProps.aclObjectName = "CHANGESKIN";
pageProps.trafficType=reger.Vars.TRAFFICTYPEADMINMISC;
pageProps.pathToAppRoot="../";
/*----------------------------------------------------*/
%>

<%@ include file="../globalheader.jsp" %>

<%
/*----------------------------------------------------*/
/*                  Main Body                         */
        StringBuffer mb = new StringBuffer();
/*----------------------------------------------------*/





%>

<%
/*----------------------------------------------------*/
/*                  Side Column                       */
    StringBuffer sc = new StringBuffer();
/*----------------------------------------------------*/

//sc.append("This is a ");
//sc.append("side column section.");
%>


<%@ include file="../globalfooter.jsp" %>
