<%@ page import="reger.importentries.ImportRSSEntries" %>
<%@ page import="org.apache.commons.fileupload.FileItem" %>
<%@ page import="java.io.InputStream" %>
<%@ page import="java.util.Iterator"%>
<%@ page import="java.util.TreeSet"%>
<%@ page import="java.util.TimeZone"%>

<%
    /*----------------------------------------------------*/
/*                  Page Config                       */
    reger.pageFramework.PageProps pageProps = new reger.pageFramework.PageProps();
    pageProps.siteSection = pageProps.ADMINSITE;
    pageProps.title = "Import Entries from Other Tools";
    pageProps.isPasswordProtected = true;
    pageProps.navButtonName = "toolsimportmain";
    pageProps.aclObjectName = "CUSTOMIZE";
    pageProps.trafficType = reger.Vars.TRAFFICTYPEADMINMISC;
    pageProps.pathToAppRoot = "../";
/*----------------------------------------------------*/
%>
<%@ include file="../globalheader.jsp" %>
<%
/*----------------------------------------------------*/
/*                  Main Body                         */
    StringBuffer mb = new StringBuffer();
/*----------------------------------------------------*/



mb.append("<font face=arial size=+1>");
mb.append("Using these tools you can migrate blog entries from other blogging systems into this one. The supported import formats are:");
mb.append("</font>");
mb.append("<br>");
mb.append("<font face=arial size=-1>");
mb.append("<ol>");
mb.append("<li><a href='tools-importrss.log'>RSS</a> - Import any number of entries saved as an RSS file of any version.</li>");
mb.append("<li><a href='tools-import-movabletype.log'>MovableType/TypePad</a> - Import via the MTIMPORT format.  Some other blogging systems also support this format.</li>");
mb.append("</ol>");
mb.append("</font>");

%>

<%
    /*----------------------------------------------------*/
/*                  Side Column                       */
    StringBuffer sc = new StringBuffer();
/*----------------------------------------------------*/

//sc.append("This is a ");
//sc.append("side column section.");
%>

<%@ include file="../globalfooter.jsp" %>