<%@ page import="reger.core.db.Db,
                 com.google.soap.search.GoogleSearchResult,
                 com.google.soap.search.GoogleSearchResultElement,
                 reger.linkrot.Util"%>
<%
/*----------------------------------------------------*/
/*                  Page Config                       */
reger.pageFramework.PageProps pageProps = new reger.pageFramework.PageProps();
pageProps.siteSection=pageProps.ADMINSITE;
pageProps.title = "Linkrot Fixer";
pageProps.isPasswordProtected = true;
pageProps.navButtonName = "toolslinkrot";
pageProps.aclObjectName = "CUSTOMIZE";
pageProps.trafficType=reger.Vars.TRAFFICTYPEADMINMISC;
pageProps.pathToAppRoot="../";
/*----------------------------------------------------*/
%>

<%@ include file="../globalheader.jsp" %>

<%
/*----------------------------------------------------*/
/*                  Main Body                         */
        StringBuffer mb = new StringBuffer();
/*----------------------------------------------------*/


int linkrotid=-1;
String originalurl = "";
String newurl = "";
int eventid=-1;
String keywords = "";

if (request.getParameter("eventid")!=null && reger.core.Util.isinteger(request.getParameter("eventid"))){
    //Make sure user can administer this eventid
    //-----------------------------------
    //-----------------------------------
    String[][] rstEvent= Db.RunSQL("SELECT eventid FROM event, megalog WHERE event.logid=megalog.logid AND "+userSession.getAccountuser().LogsUserCanAdministerQueryend(userSession.getAccount().getAccountid())+" AND event.eventid='"+request.getParameter("eventid")+"'");
    //-----------------------------------
    //-----------------------------------
    if (rstEvent!=null && rstEvent.length>0){
    	eventid = Integer.parseInt(request.getParameter("eventid"));
    }
}


if (request.getParameter("linkrotid")!=null && reger.core.Util.isinteger(request.getParameter("linkrotid"))){
    linkrotid=Integer.parseInt(request.getParameter("linkrotid"));

    //-----------------------------------
    //-----------------------------------
    String[][] rstLinkrot= Db.RunSQL("SELECT url, keywords FROM linkrot, linkroteventlookup WHERE linkrot.linkrotid='"+linkrotid+"' AND linkrot.linkrotid=linkroteventlookup.linkrotid AND linkroteventlookup.eventid='"+eventid+"'");
    //-----------------------------------
    //-----------------------------------
    if (rstLinkrot!=null && rstLinkrot.length>0){
    	originalurl = rstLinkrot[0][0];
    	keywords = rstLinkrot[0][1];
    }
}

if (request.getParameter("newurl")!=null && !request.getParameter("newurl").equals("")){
    newurl = request.getParameter("newurl");
} else {
    //-----------------------------------
    //-----------------------------------
    String[][] rstU= Db.RunSQL("SELECT url FROM linkrot WHERE linkrotid='"+linkrotid+"'");
    //-----------------------------------
    //-----------------------------------
    if (rstU!=null && rstU.length>0){
    	newurl = rstU[0][0];
    }
}



//Do the fixin'
if (pageProps.action.equals("fix")){
    //-----------------------------------
    //-----------------------------------
    String[][] rstEv= Db.RunSQL("SELECT comments FROM event WHERE eventid='"+eventid+"'");
    //-----------------------------------
    //-----------------------------------
    if (rstEv!=null && rstEv.length>0){
    	//Get the body of the event
    	String comm = rstEv[0][0];

    	//Replace setup
        int startofurl = comm.indexOf(originalurl);
        int lengthofcomments = comm.length();
        int endofurl = startofurl + originalurl.length();

        //Debug
        //reger.core.Util.logtodb("originalurl: " + originalurl + "<br>comm: " + reger.core.Util.xmlclean(comm));
        //reger.core.Util.logtodb("startofurl: " + startofurl + "<br>lengthofcomments: " + lengthofcomments + "<br>endofurl: " + endofurl);

        if ((startofurl>0 && endofurl>0) && (startofurl<endofurl)){
            //String left = comm.substring(0,startofurl);
            //String middle = newurl;
            //String right = comm.substring(endofurl, lengthofcomments);
            //reger.core.Util.logtodb("left: " + reger.core.Util.xmlclean(left) + "<br>middle: " + middle + "<br>right: " + reger.core.Util.xmlclean(right));

            //Do the string replacement
            String tmp = "";
            tmp = comm.substring(0,startofurl) + newurl + comm.substring(endofurl, lengthofcomments);
            comm = tmp;

            //Now save the comment
            //-----------------------------------
            //-----------------------------------
            int count = Db.RunSQLUpdate("UPDATE event SET comments='"+reger.core.Util.cleanForSQL(comm)+"' WHERE eventid='"+eventid+"'");
            //-----------------------------------
            //-----------------------------------
        }

        //Delete the linkrotid/event relationship and clean up everything
        Util.completeFixForEventid(linkrotid, eventid, request.getParameter("url"));

        //Redirect to linkrot main page
        try {
            response.sendRedirect("tools-linkrot.log?msg=fixed");
            return;
        } catch (Exception e){
            Debug.errorsave(e, "");
        }

    }
}



mb.append(reger.ui.BubbleBox.start("Fix Link", pageProps.pathToAppRoot));


mb.append(reger.ui.BubbleBox.start("Manually Fix the Link", pageProps.pathToAppRoot));
mb.append("<br>");
mb.append("<form action=tools-linkrot-fix.log method=post>");
mb.append("<input type=hidden name=eventid value=\""+eventid+"\">");
mb.append("<input type=hidden name=linkrotid value=\""+linkrotid+"\">");
mb.append("<input type=hidden name=action value=\"fix\">");
mb.append("<input type=text name=newurl value=\""+reger.core.Util.cleanForHtml(newurl)+"\" size=55 maxlength=255>");
mb.append("<br>");
mb.append("<input type=submit value=Fix>");
mb.append("</form>");
mb.append(reger.ui.BubbleBox.end(pageProps.pathToAppRoot));

mb.append(reger.ui.BubbleBox.start("Recommendations", pageProps.pathToAppRoot));

//Start the table
mb.append("<table width=100% cellpadding=10 cellspacing=0 border=0>");

mb.append("<tr>");
mb.append("<td valign=top bgcolor=#e6e6e6 colspan=2>");
mb.append("<font face=arial size=-2 color=#666666>");
mb.append("Action");
mb.append("</font>");
mb.append("</td>");
mb.append("<td valign=top bgcolor=#e6e6e6 colspan=2>");
mb.append("<font face=arial size=-2 color=#666666>");
mb.append("Recommended URL");
mb.append("</font>");
mb.append("</td>");
mb.append("<td valign=top bgcolor=#e6e6e6 colspan=2>");
mb.append("<font face=arial size=-2 color=#666666>");
mb.append("Source");
mb.append("</font>");
mb.append("</td>");
mb.append("</tr>");

//Get recommendations from database
//-----------------------------------
//-----------------------------------
String[][] rstRecomm= Db.RunSQL("SELECT url, source FROM linkrotrecommendation WHERE linkrotid='"+linkrotid+"'");
//-----------------------------------
//-----------------------------------
if (rstRecomm!=null && rstRecomm.length>0){
	for(int i=0; i<rstRecomm.length; i++){
        //Output row
        mb.append("<tr>");
        mb.append("<td valign=top bgcolor=#ffffff colspan=2>");
        mb.append("<font face=arial size=-2 color=#666666>");
        mb.append("<form action=tools-linkrot-fix.log method=post>");
        mb.append("<input type=hidden name=newurl value=\""+reger.core.Util.cleanForHtml(rstRecomm[i][0])+"\">");
        mb.append("<input type=hidden name=eventid value=\""+eventid+"\">");
        mb.append("<input type=hidden name=linkrotid value=\""+linkrotid+"\">");
        mb.append("<input type=hidden name=action value=\"fix\">");
        mb.append("<input type=submit value='Use This >'>");
        mb.append("</form>");
        mb.append("</font>");
        mb.append("</td>");
        mb.append("<td valign=top bgcolor=#ffffff colspan=2>");
        mb.append("<font face=arial size=-2 color=#666666>");
        mb.append("<a href=\""+reger.core.Util.cleanForHtml(rstRecomm[i][0])+"\" target=linkrotid"+linkrotid+">");
        mb.append(rstRecomm[i][0]);
        mb.append("</a>");
        mb.append("</td>");
        mb.append("<td valign=top bgcolor=#ffffff colspan=2>");
        mb.append("<font face=arial size=-2 color=#666666>");
        mb.append(rstRecomm[i][1]);
        mb.append("</font>");
        mb.append("</td>");
        mb.append("</tr>");
	}
}



//Google search
if (keywords.trim().equals("")){
    keywords = originalurl;
}
GoogleSearchResult r = reger.linkrot.Google.search(keywords);
//Get individual results
GoogleSearchResultElement[] results = r.getResultElements();

//Iterate
for (int i = 0; i < results.length; i++) {
    String title = results[i].getTitle();
    String resulturl = results[i].getURL();
    String summary = results[i].getSummary();
    summary = results[i].getSnippet();
    //Output row
    mb.append("<tr>");
    mb.append("<td valign=top bgcolor=#ffffff colspan=2>");
    mb.append("<font face=arial size=-2 color=#666666>");
    mb.append("<form action=tools-linkrot-fix.log method=post>");
    mb.append("<input type=hidden name=newurl value=\""+reger.core.Util.cleanForHtml(resulturl)+"\">");
    mb.append("<input type=hidden name=eventid value=\""+eventid+"\">");
    mb.append("<input type=hidden name=linkrotid value=\""+linkrotid+"\">");
    mb.append("<input type=hidden name=action value=\"fix\">");
    mb.append("<input type=submit value='Use This >'>");
    mb.append("</form>");
    mb.append("</font>");
    mb.append("</td>");
    mb.append("<td valign=top bgcolor=#ffffff colspan=2>");
    mb.append("<font face=arial size=-2 color=#666666>");
    mb.append("<a href=\""+reger.core.Util.cleanForHtml(resulturl)+"\" target=linkrotid"+linkrotid+">");
    mb.append(resulturl);
    mb.append("</a>");
    mb.append("<br>");
    mb.append(summary);
    mb.append("</font>");
    mb.append("</td>");
    mb.append("<td valign=top bgcolor=#ffffff colspan=2>");
    mb.append("<font face=arial size=-2 color=#666666>");
    mb.append("Google.com");
    mb.append("</font>");
    mb.append("</td>");
    mb.append("</tr>");
}

mb.append("</table>");

mb.append(reger.ui.BubbleBox.end(pageProps.pathToAppRoot));

mb.append(reger.ui.BubbleBox.end(pageProps.pathToAppRoot));



%>

<%
/*----------------------------------------------------*/
/*                  Side Column                       */
    StringBuffer sc = new StringBuffer();
/*----------------------------------------------------*/

//sc.append("This is a ");
//sc.append("side column section.");
%>


<%@ include file="../globalfooter.jsp" %>
