
<%
/*----------------------------------------------------*/
/*                  Page Config                       */
reger.pageFramework.PageProps pageProps = new reger.pageFramework.PageProps();
pageProps.siteSection=pageProps.ADMINSITE;
pageProps.title = "Traffic: Browsers";
pageProps.isPasswordProtected = true;
pageProps.navButtonName = "trafficbrowsers";
pageProps.aclObjectName = "TRAFFIC";
pageProps.trafficType=reger.Vars.TRAFFICTYPEADMINMISC;
pageProps.pathToAppRoot="../";
/*----------------------------------------------------*/
%>

<%@ include file="../globalheader.jsp" %>

<%
/*----------------------------------------------------*/
/*                  Main Body                         */
        StringBuffer mb = new StringBuffer();
/*----------------------------------------------------*/

String trafficSection = "Browsers";

//HtmlCache
String cachekey = "TrafficBrowsers ACCOUNTUSERID="+userSession.getAccountuser().getAccountuserid() + " URL:" + reger.cache.html.HtmlCache.getKeyFromRequest(request); //Anything unique for the page
int refreshintervalinseconds = 300;
%><%@ include file="../htmlcachestart.jsp" %><%

mb.append("<table cellpadding=3 cellspacing=0 width=100% border=0>");

mb.append("<tr>");
mb.append("<td valign=top bgcolor=#666666 align=left>");
mb.append("<font face=arial size=-1 color=#ffffff><strong>Last 7 Days</strong></font>");
mb.append("</td>");
mb.append("</tr>");

mb.append("<tr>");
mb.append("<td valign=top align=left>");
mb.append(reger.trafficHtmlOut.browserTrafficList(7,userSession));
mb.append("</td>");
mb.append("</tr>");

mb.append("</table>");

%><%@ include file="../htmlcacheend.jsp" %><%

%>

<%
/*----------------------------------------------------*/
/*                  Side Column                       */
        StringBuffer sc = new StringBuffer();
/*----------------------------------------------------*/

//sc.append("This is a ");
//sc.append("side column section.");
%>


<%@ include file="../globalfooter.jsp" %>
